2007/10/26 17:25:19 insert into xcp1_exsale_discount (shipdate,invoice,Bu_Cd,Ka_Cd,Tnt_Cd,Htn_Cd,Tku_Cd,Gyk_Cd,Tnk_Cd,Kri_Cd,HIS_Cd,Hbn_Cd,DiscountClassify,Quantity,InvoiceUnit,InvoiceAmount,DiscountUnit,DiscountAmount,DeliverNet,CostPrice,FR1_Contents,FR1_Unit,FR1_Amount,FR2_Contents,FR2_Unit,FR2_Amount,FR3_Contents,FR3_Unit,FR3_Amount,ValueDifference,GrossMargin,GrossMarginRate,Note,Publisher,TL,GM,PD,Approval,PrintFlag,RouteClassify,Ktn_Cd,SendDate
) values ("20071001","123","6H","6H00","6H000","606040","606040","42H","Q","9MB","59NH0","CN-160G",NULL,"1","0","0","10","10","-10","448","ïiî‘ï ã@éÌëŒçÙîÔ","10","10",NULL,"0","0",NULL,"0","0","0","-448","4480.00","ÇPÇQÇR12",NULL,NULL,NULL,NULL,"123","0","2","6H","2007/10/26 17:25:06
","")
2007/10/26 17:25:19 update xcp1_exsale_discount set Bu_Cd="6H",Ka_Cd="6H00",Tnt_Cd="6H000",Htn_Cd="606040",Tku_Cd="606040",Gyk_Cd="42H",Tnk_Cd="Q",Kri_Cd="9MB",HIS_Cd="59NH0",DiscountClassify=NULL,InvoiceUnit="0",InvoiceAmount="0",DiscountUnit="10",DiscountAmount="10",DeliverNet="-10",CostPrice="448",FR1_Contents="ïiî‘ï ã@éÌëŒçÙîÔ",FR1_Unit="10",FR1_Amount="10",FR2_Contents=NULL,FR2_Unit="0",FR2_Amount="0",FR3_Contents=NULL,FR3_Unit="0",FR3_Amount="0",ValueDifference="0",GrossMargin="-448",GrossMarginRate="4480.00",Note="ÇPÇQÇR12",Publisher=NULL,TL=NULL,GM=NULL,PD=NULL,Approval="123",PrintFlag="0",RouteClassify="2",Ktn_Cd="6H",SendDate
="2007/10/26 17:25:06
" where shipdate="20071001" and invoice="123" and Hbn_Cd="CN-160G" and Quantity="1" and uid=0
2007/10/26 17:25:19 insert into xcp1_exsale_discount (shipdate,invoice,Bu_Cd,Ka_Cd,Tnt_Cd,Htn_Cd,Tku_Cd,Gyk_Cd,Tnk_Cd,Kri_Cd,HIS_Cd,Hbn_Cd,DiscountClassify,Quantity,InvoiceUnit,InvoiceAmount,DiscountUnit,DiscountAmount,DeliverNet,CostPrice,FR1_Contents,FR1_Unit,FR1_Amount,FR2_Contents,FR2_Unit,FR2_Amount,FR3_Contents,FR3_Unit,FR3_Amount,ValueDifference,GrossMargin,GrossMarginRate,Note,Publisher,TL,GM,PD,Approval,PrintFlag,RouteClassify,Ktn_Cd,SendDate
) values ("20071006","111","6H","6H00","6H000","606040","606040","42H","Q","9MB","59RL0","000135N",NULL,"0","0","0","0","0","0","0","ïiî‘ï ã@éÌëŒçÙîÔ","0","0",NULL,"0","0",NULL,"0","0","0","0",NULL,"22222",NULL,NULL,NULL,NULL,"11111","0","2","6H","2007/10/26 17:25:06
","")
2007/10/26 17:25:19 update xcp1_exsale_discount set Bu_Cd="6H",Ka_Cd="6H00",Tnt_Cd="6H000",Htn_Cd="606040",Tku_Cd="606040",Gyk_Cd="42H",Tnk_Cd="Q",Kri_Cd="9MB",HIS_Cd="59RL0",DiscountClassify=NULL,InvoiceUnit="0",InvoiceAmount="0",DiscountUnit="0",DiscountAmount="0",DeliverNet="0",CostPrice="0",FR1_Contents="ïiî‘ï ã@éÌëŒçÙîÔ",FR1_Unit="0",FR1_Amount="0",FR2_Contents=NULL,FR2_Unit="0",FR2_Amount="0",FR3_Contents=NULL,FR3_Unit="0",FR3_Amount="0",ValueDifference="0",GrossMargin="0",GrossMarginRate=NULL,Note="22222",Publisher=NULL,TL=NULL,GM=NULL,PD=NULL,Approval="11111",PrintFlag="0",RouteClassify="2",Ktn_Cd="6H",SendDate
="2007/10/26 17:25:06
" where shipdate="20071006" and invoice="111" and Hbn_Cd="000135N" and Quantity="0" and uid=0
2007/10/26 17:27:05 insert into xcp1_exsale_discount (shipdate,invoice,Bu_Cd,Ka_Cd,Tnt_Cd,Htn_Cd,Tku_Cd,Gyk_Cd,Tnk_Cd,Kri_Cd,HIS_Cd,Hbn_Cd,DiscountClassify,Quantity,InvoiceUnit,InvoiceAmount,DiscountUnit,DiscountAmount,DeliverNet,CostPrice,FR1_Contents,FR1_Unit,FR1_Amount,FR2_Contents,FR2_Unit,FR2_Amount,FR3_Contents,FR3_Unit,FR3_Amount,ValueDifference,GrossMargin,GrossMarginRate,Note,Publisher,TL,GM,PD,Approval,PrintFlag,RouteClassify,Ktn_Cd,SendDate
) values ("20071001","123","6H","6H00","6H000","606040","606040","42H","Q","9MB","59NH0","CN-160G",NULL,"1","0","0","10","10","-10","448","ïiî‘ï ã@éÌëŒçÙîÔ","10","10",NULL,"0","0",NULL,"0","0","0","-448","4480.00","ÇPÇQÇR12",NULL,NULL,NULL,NULL,"123","0","2","6H","2007/10/26 17:26:49
","")
2007/10/26 17:27:05 update xcp1_exsale_discount set Bu_Cd="6H",Ka_Cd="6H00",Tnt_Cd="6H000",Htn_Cd="606040",Tku_Cd="606040",Gyk_Cd="42H",Tnk_Cd="Q",Kri_Cd="9MB",HIS_Cd="59NH0",DiscountClassify=NULL,InvoiceUnit="0",InvoiceAmount="0",DiscountUnit="10",DiscountAmount="10",DeliverNet="-10",CostPrice="448",FR1_Contents="ïiî‘ï ã@éÌëŒçÙîÔ",FR1_Unit="10",FR1_Amount="10",FR2_Contents=NULL,FR2_Unit="0",FR2_Amount="0",FR3_Contents=NULL,FR3_Unit="0",FR3_Amount="0",ValueDifference="0",GrossMargin="-448",GrossMarginRate="4480.00",Note="ÇPÇQÇR12",Publisher=NULL,TL=NULL,GM=NULL,PD=NULL,Approval="123",PrintFlag="0",RouteClassify="2",Ktn_Cd="6H",SendDate
="2007/10/26 17:26:49
" where shipdate="20071001" and invoice="123" and Hbn_Cd="CN-160G" and Quantity="1" and uid=0
2007/10/26 17:27:05 insert into xcp1_exsale_discount (shipdate,invoice,Bu_Cd,Ka_Cd,Tnt_Cd,Htn_Cd,Tku_Cd,Gyk_Cd,Tnk_Cd,Kri_Cd,HIS_Cd,Hbn_Cd,DiscountClassify,Quantity,InvoiceUnit,InvoiceAmount,DiscountUnit,DiscountAmount,DeliverNet,CostPrice,FR1_Contents,FR1_Unit,FR1_Amount,FR2_Contents,FR2_Unit,FR2_Amount,FR3_Contents,FR3_Unit,FR3_Amount,ValueDifference,GrossMargin,GrossMarginRate,Note,Publisher,TL,GM,PD,Approval,PrintFlag,RouteClassify,Ktn_Cd,SendDate
) values ("20071006","111","6H","6H00","6H000","606040","606040","42H","Q","9MB","59RL0","000135N",NULL,"0","0","0","0","0","0","0","ïiî‘ï ã@éÌëŒçÙîÔ","0","0",NULL,"0","0",NULL,"0","0","0","0",NULL,"22222",NULL,NULL,NULL,NULL,"11111","0","2","6H","2007/10/26 17:26:49
","")
2007/10/26 17:27:05 update xcp1_exsale_discount set Bu_Cd="6H",Ka_Cd="6H00",Tnt_Cd="6H000",Htn_Cd="606040",Tku_Cd="606040",Gyk_Cd="42H",Tnk_Cd="Q",Kri_Cd="9MB",HIS_Cd="59RL0",DiscountClassify=NULL,InvoiceUnit="0",InvoiceAmount="0",DiscountUnit="0",DiscountAmount="0",DeliverNet="0",CostPrice="0",FR1_Contents="ïiî‘ï ã@éÌëŒçÙîÔ",FR1_Unit="0",FR1_Amount="0",FR2_Contents=NULL,FR2_Unit="0",FR2_Amount="0",FR3_Contents=NULL,FR3_Unit="0",FR3_Amount="0",ValueDifference="0",GrossMargin="0",GrossMarginRate=NULL,Note="22222",Publisher=NULL,TL=NULL,GM=NULL,PD=NULL,Approval="11111",PrintFlag="0",RouteClassify="2",Ktn_Cd="6H",SendDate
="2007/10/26 17:26:49
" where shipdate="20071006" and invoice="111" and Hbn_Cd="000135N" and Quantity="0" and uid=0
2007/10/26 17:29:27 insert into xcp1_exsale_discount (shipdate,invoice,Bu_Cd,Ka_Cd,Tnt_Cd,Htn_Cd,Tku_Cd,Gyk_Cd,Tnk_Cd,Kri_Cd,HIS_Cd,Hbn_Cd,DiscountClassify,Quantity,InvoiceUnit,InvoiceAmount,DiscountUnit,DiscountAmount,DeliverNet,CostPrice,FR1_Contents,FR1_Unit,FR1_Amount,FR2_Contents,FR2_Unit,FR2_Amount,FR3_Contents,FR3_Unit,FR3_Amount,ValueDifference,GrossMargin,GrossMarginRate,Note,Publisher,TL,GM,PD,Approval,PrintFlag,RouteClassify,Ktn_Cd,SendDate
) values ("20071001","123","6H","6H00","6H000","606040","606040","42H","Q","9MB","59NH0","CN-160G",NULL,"1","0","0","10","10","-10","448","ïiî‘ï ã@éÌëŒçÙîÔ","10","10",NULL,"0","0",NULL,"0","0","0","-448","4480.00","ÇPÇQÇR12",NULL,NULL,NULL,NULL,"123","0","2","6H","2007/10/26 17:29:15
","")
2007/10/26 17:29:27 update xcp1_exsale_discount set Bu_Cd="6H",Ka_Cd="6H00",Tnt_Cd="6H000",Htn_Cd="606040",Tku_Cd="606040",Gyk_Cd="42H",Tnk_Cd="Q",Kri_Cd="9MB",HIS_Cd="59NH0",DiscountClassify=NULL,InvoiceUnit="0",InvoiceAmount="0",DiscountUnit="10",DiscountAmount="10",DeliverNet="-10",CostPrice="448",FR1_Contents="ïiî‘ï ã@éÌëŒçÙîÔ",FR1_Unit="10",FR1_Amount="10",FR2_Contents=NULL,FR2_Unit="0",FR2_Amount="0",FR3_Contents=NULL,FR3_Unit="0",FR3_Amount="0",ValueDifference="0",GrossMargin="-448",GrossMarginRate="4480.00",Note="ÇPÇQÇR12",Publisher=NULL,TL=NULL,GM=NULL,PD=NULL,Approval="123",PrintFlag="0",RouteClassify="2",Ktn_Cd="6H",SendDate
="2007/10/26 17:29:15
" where shipdate="20071001" and invoice="123" and Hbn_Cd="CN-160G" and Quantity="1" and uid=0
2007/10/26 17:29:27 insert into xcp1_exsale_discount (shipdate,invoice,Bu_Cd,Ka_Cd,Tnt_Cd,Htn_Cd,Tku_Cd,Gyk_Cd,Tnk_Cd,Kri_Cd,HIS_Cd,Hbn_Cd,DiscountClassify,Quantity,InvoiceUnit,InvoiceAmount,DiscountUnit,DiscountAmount,DeliverNet,CostPrice,FR1_Contents,FR1_Unit,FR1_Amount,FR2_Contents,FR2_Unit,FR2_Amount,FR3_Contents,FR3_Unit,FR3_Amount,ValueDifference,GrossMargin,GrossMarginRate,Note,Publisher,TL,GM,PD,Approval,PrintFlag,RouteClassify,Ktn_Cd,SendDate
) values ("20071006","111","6H","6H00","6H000","606040","606040","42H","Q","9MB","59RL0","000135N",NULL,"0","0","0","0","0","0","0","ïiî‘ï ã@éÌëŒçÙîÔ","0","0",NULL,"0","0",NULL,"0","0","0","0",NULL,"22222",NULL,NULL,NULL,NULL,"11111","0","2","6H","2007/10/26 17:29:15
","")
2007/10/26 17:29:27 update xcp1_exsale_discount set Bu_Cd="6H",Ka_Cd="6H00",Tnt_Cd="6H000",Htn_Cd="606040",Tku_Cd="606040",Gyk_Cd="42H",Tnk_Cd="Q",Kri_Cd="9MB",HIS_Cd="59RL0",DiscountClassify=NULL,InvoiceUnit="0",InvoiceAmount="0",DiscountUnit="0",DiscountAmount="0",DeliverNet="0",CostPrice="0",FR1_Contents="ïiî‘ï ã@éÌëŒçÙîÔ",FR1_Unit="0",FR1_Amount="0",FR2_Contents=NULL,FR2_Unit="0",FR2_Amount="0",FR3_Contents=NULL,FR3_Unit="0",FR3_Amount="0",ValueDifference="0",GrossMargin="0",GrossMarginRate=NULL,Note="22222",Publisher=NULL,TL=NULL,GM=NULL,PD=NULL,Approval="11111",PrintFlag="0",RouteClassify="2",Ktn_Cd="6H",SendDate
="2007/10/26 17:29:15
" where shipdate="20071006" and invoice="111" and Hbn_Cd="000135N" and Quantity="0" and uid=0
2007/10/27 14:02:43 insert into xcp1_exsale_discount (shipdate,invoice,Bu_Cd,Ka_Cd,Tnt_Cd,Htn_Cd,Tku_Cd,Gyk_Cd,Tnk_Cd,Kri_Cd,HIS_Cd,Hbn_Cd,DiscountClassify,Quantity,InvoiceUnit,InvoiceAmount,DiscountUnit,DiscountAmount,DeliverNet,CostPrice,FR1_Contents,FR1_Unit,FR1_Amount,FR2_Contents,FR2_Unit,FR2_Amount,FR3_Contents,FR3_Unit,FR3_Amount,ValueDifference,GrossMargin,GrossMarginRate,Note,Publisher,TL,GM,PD,Approval,PrintFlag,RouteClassify,Ktn_Cd,SendDate
) values ("20071001","123","6H","6H00","6H000","606040","606040","42H","Q","9MB","59NH0","CN-160G",NULL,"1","0","0","10","10","-10","448","ïiî‘ï ã@éÌëŒçÙîÔ","10","10",NULL,"0","0",NULL,"0","0","0","-448","4480.00","ÇPÇQÇR12",NULL,NULL,NULL,NULL,"123","0","2","6H","2007/10/27 14:01:18
",0)
2007/10/27 14:02:43 update xcp1_exsale_discount set Bu_Cd="6H",Ka_Cd="6H00",Tnt_Cd="6H000",Htn_Cd="606040",Tku_Cd="606040",Gyk_Cd="42H",Tnk_Cd="Q",Kri_Cd="9MB",HIS_Cd="59NH0",DiscountClassify=NULL,InvoiceUnit="0",InvoiceAmount="0",DiscountUnit="10",DiscountAmount="10",DeliverNet="-10",CostPrice="448",FR1_Contents="ïiî‘ï ã@éÌëŒçÙîÔ",FR1_Unit="10",FR1_Amount="10",FR2_Contents=NULL,FR2_Unit="0",FR2_Amount="0",FR3_Contents=NULL,FR3_Unit="0",FR3_Amount="0",ValueDifference="0",GrossMargin="-448",GrossMarginRate="4480.00",Note="ÇPÇQÇR12",Publisher=NULL,TL=NULL,GM=NULL,PD=NULL,Approval="123",PrintFlag="0",RouteClassify="2",Ktn_Cd="6H",SendDate
="2007/10/27 14:01:18
" where shipdate="20071001" and invoice="123" and Hbn_Cd="CN-160G" and Quantity="1" and uid=0
2007/10/27 14:02:43 insert into xcp1_exsale_discount (shipdate,invoice,Bu_Cd,Ka_Cd,Tnt_Cd,Htn_Cd,Tku_Cd,Gyk_Cd,Tnk_Cd,Kri_Cd,HIS_Cd,Hbn_Cd,DiscountClassify,Quantity,InvoiceUnit,InvoiceAmount,DiscountUnit,DiscountAmount,DeliverNet,CostPrice,FR1_Contents,FR1_Unit,FR1_Amount,FR2_Contents,FR2_Unit,FR2_Amount,FR3_Contents,FR3_Unit,FR3_Amount,ValueDifference,GrossMargin,GrossMarginRate,Note,Publisher,TL,GM,PD,Approval,PrintFlag,RouteClassify,Ktn_Cd,SendDate
) values ("20071006","111","6H","6H00","6H000","606040","606040","42H","Q","9MB","59RL0","000135N",NULL,"0","0","0","0","0","0","0","ïiî‘ï ã@éÌëŒçÙîÔ","0","0",NULL,"0","0",NULL,"0","0","0","0",NULL,"22222",NULL,NULL,NULL,NULL,"11111","0","2","6H","2007/10/27 14:01:18
",0)
2007/10/27 14:02:43 update xcp1_exsale_discount set Bu_Cd="6H",Ka_Cd="6H00",Tnt_Cd="6H000",Htn_Cd="606040",Tku_Cd="606040",Gyk_Cd="42H",Tnk_Cd="Q",Kri_Cd="9MB",HIS_Cd="59RL0",DiscountClassify=NULL,InvoiceUnit="0",InvoiceAmount="0",DiscountUnit="0",DiscountAmount="0",DeliverNet="0",CostPrice="0",FR1_Contents="ïiî‘ï ã@éÌëŒçÙîÔ",FR1_Unit="0",FR1_Amount="0",FR2_Contents=NULL,FR2_Unit="0",FR2_Amount="0",FR3_Contents=NULL,FR3_Unit="0",FR3_Amount="0",ValueDifference="0",GrossMargin="0",GrossMarginRate=NULL,Note="22222",Publisher=NULL,TL=NULL,GM=NULL,PD=NULL,Approval="11111",PrintFlag="0",RouteClassify="2",Ktn_Cd="6H",SendDate
="2007/10/27 14:01:18
" where shipdate="20071006" and invoice="111" and Hbn_Cd="000135N" and Quantity="0" and uid=0
2007/10/27 14:07:36 insert into xcp1_exsale_discount (shipdate,invoice,Bu_Cd,Ka_Cd,Tnt_Cd,Htn_Cd,Tku_Cd,Gyk_Cd,Tnk_Cd,Kri_Cd,HIS_Cd,Hbn_Cd,DiscountClassify,Quantity,InvoiceUnit,InvoiceAmount,DiscountUnit,DiscountAmount,DeliverNet,CostPrice,FR1_Contents,FR1_Unit,FR1_Amount,FR2_Contents,FR2_Unit,FR2_Amount,FR3_Contents,FR3_Unit,FR3_Amount,ValueDifference,GrossMargin,GrossMarginRate,Note,Publisher,TL,GM,PD,Approval,PrintFlag,RouteClassify,Ktn_Cd,SendDate
) values ("20071001","123","6H","6H00","6H000","606040","606040","42H","Q","9MB","59NH0","CN-160G",NULL,"1","0","0","10","10","-10","448","ïiî‘ï ã@éÌëŒçÙîÔ","10","10",NULL,"0","0",NULL,"0","0","0","-448","4480.00","ÇPÇQÇR12",NULL,NULL,NULL,NULL,"123","0","2","6H","2007/10/27 14:07:24
",0)
2007/10/27 14:07:36 update xcp1_exsale_discount set Bu_Cd="6H",Ka_Cd="6H00",Tnt_Cd="6H000",Htn_Cd="606040",Tku_Cd="606040",Gyk_Cd="42H",Tnk_Cd="Q",Kri_Cd="9MB",HIS_Cd="59NH0",DiscountClassify=NULL,InvoiceUnit="0",InvoiceAmount="0",DiscountUnit="10",DiscountAmount="10",DeliverNet="-10",CostPrice="448",FR1_Contents="ïiî‘ï ã@éÌëŒçÙîÔ",FR1_Unit="10",FR1_Amount="10",FR2_Contents=NULL,FR2_Unit="0",FR2_Amount="0",FR3_Contents=NULL,FR3_Unit="0",FR3_Amount="0",ValueDifference="0",GrossMargin="-448",GrossMarginRate="4480.00",Note="ÇPÇQÇR12",Publisher=NULL,TL=NULL,GM=NULL,PD=NULL,Approval="123",PrintFlag="0",RouteClassify="2",Ktn_Cd="6H",SendDate
="2007/10/27 14:07:24
" where shipdate="20071001" and invoice="123" and Hbn_Cd="CN-160G" and Quantity="1" and uid=0
2007/10/27 14:07:36 insert into xcp1_exsale_discount (shipdate,invoice,Bu_Cd,Ka_Cd,Tnt_Cd,Htn_Cd,Tku_Cd,Gyk_Cd,Tnk_Cd,Kri_Cd,HIS_Cd,Hbn_Cd,DiscountClassify,Quantity,InvoiceUnit,InvoiceAmount,DiscountUnit,DiscountAmount,DeliverNet,CostPrice,FR1_Contents,FR1_Unit,FR1_Amount,FR2_Contents,FR2_Unit,FR2_Amount,FR3_Contents,FR3_Unit,FR3_Amount,ValueDifference,GrossMargin,GrossMarginRate,Note,Publisher,TL,GM,PD,Approval,PrintFlag,RouteClassify,Ktn_Cd,SendDate
) values ("20071006","111","6H","6H00","6H000","606040","606040","42H","Q","9MB","59RL0","000135N",NULL,"0","0","0","0","0","0","0","ïiî‘ï ã@éÌëŒçÙîÔ","0","0",NULL,"0","0",NULL,"0","0","0","0",NULL,"22222",NULL,NULL,NULL,NULL,"11111","0","2","6H","2007/10/27 14:07:24
",0)
2007/10/27 14:07:36 update xcp1_exsale_discount set Bu_Cd="6H",Ka_Cd="6H00",Tnt_Cd="6H000",Htn_Cd="606040",Tku_Cd="606040",Gyk_Cd="42H",Tnk_Cd="Q",Kri_Cd="9MB",HIS_Cd="59RL0",DiscountClassify=NULL,InvoiceUnit="0",InvoiceAmount="0",DiscountUnit="0",DiscountAmount="0",DeliverNet="0",CostPrice="0",FR1_Contents="ïiî‘ï ã@éÌëŒçÙîÔ",FR1_Unit="0",FR1_Amount="0",FR2_Contents=NULL,FR2_Unit="0",FR2_Amount="0",FR3_Contents=NULL,FR3_Unit="0",FR3_Amount="0",ValueDifference="0",GrossMargin="0",GrossMarginRate=NULL,Note="22222",Publisher=NULL,TL=NULL,GM=NULL,PD=NULL,Approval="11111",PrintFlag="0",RouteClassify="2",Ktn_Cd="6H",SendDate
="2007/10/27 14:07:24
" where shipdate="20071006" and invoice="111" and Hbn_Cd="000135N" and Quantity="0" and uid=0
2007/10/27 14:13:30 insert into xcp1_exsale_discount (shipdate,invoice,Bu_Cd,Ka_Cd,Tnt_Cd,Htn_Cd,Tku_Cd,Gyk_Cd,Tnk_Cd,Kri_Cd,HIS_Cd,Hbn_Cd,DiscountClassify,Quantity,InvoiceUnit,InvoiceAmount,DiscountUnit,DiscountAmount,DeliverNet,CostPrice,FR1_Contents,FR1_Unit,FR1_Amount,FR2_Contents,FR2_Unit,FR2_Amount,FR3_Contents,FR3_Unit,FR3_Amount,ValueDifference,GrossMargin,GrossMarginRate,Note,Publisher,TL,GM,PD,Approval,PrintFlag,RouteClassify,Ktn_Cd,SendDate
) values ("20071001","123","6H","6H00","6H000","606040","606040","42H","Q","9MB","59NH0","CN-160G",NULL,"1","0","0","10","10","-10","448","ïiî‘ï ã@éÌëŒçÙîÔ","10","10",NULL,"0","0",NULL,"0","0","0","-448","4480.00","ÇPÇQÇR12",NULL,NULL,NULL,NULL,"123","0","2","6H","2007/10/27 14:12:49
",0)
2007/10/27 14:13:30 update xcp1_exsale_discount set Bu_Cd="6H",Ka_Cd="6H00",Tnt_Cd="6H000",Htn_Cd="606040",Tku_Cd="606040",Gyk_Cd="42H",Tnk_Cd="Q",Kri_Cd="9MB",HIS_Cd="59NH0",DiscountClassify=NULL,InvoiceUnit="0",InvoiceAmount="0",DiscountUnit="10",DiscountAmount="10",DeliverNet="-10",CostPrice="448",FR1_Contents="ïiî‘ï ã@éÌëŒçÙîÔ",FR1_Unit="10",FR1_Amount="10",FR2_Contents=NULL,FR2_Unit="0",FR2_Amount="0",FR3_Contents=NULL,FR3_Unit="0",FR3_Amount="0",ValueDifference="0",GrossMargin="-448",GrossMarginRate="4480.00",Note="ÇPÇQÇR12",Publisher=NULL,TL=NULL,GM=NULL,PD=NULL,Approval="123",PrintFlag="0",RouteClassify="2",Ktn_Cd="6H",SendDate
="2007/10/27 14:12:49
" where shipdate="20071001" and invoice="123" and Hbn_Cd="CN-160G" and Quantity="1" and uid=0
2007/10/27 14:13:30 insert into xcp1_exsale_discount (shipdate,invoice,Bu_Cd,Ka_Cd,Tnt_Cd,Htn_Cd,Tku_Cd,Gyk_Cd,Tnk_Cd,Kri_Cd,HIS_Cd,Hbn_Cd,DiscountClassify,Quantity,InvoiceUnit,InvoiceAmount,DiscountUnit,DiscountAmount,DeliverNet,CostPrice,FR1_Contents,FR1_Unit,FR1_Amount,FR2_Contents,FR2_Unit,FR2_Amount,FR3_Contents,FR3_Unit,FR3_Amount,ValueDifference,GrossMargin,GrossMarginRate,Note,Publisher,TL,GM,PD,Approval,PrintFlag,RouteClassify,Ktn_Cd,SendDate
) values ("20071006","111","6H","6H00","6H000","606040","606040","42H","Q","9MB","59RL0","000135N",NULL,"0","0","0","0","0","0","0","ïiî‘ï ã@éÌëŒçÙîÔ","0","0",NULL,"0","0",NULL,"0","0","0","0",NULL,"22222",NULL,NULL,NULL,NULL,"11111","0","2","6H","2007/10/27 14:12:49
",0)
2007/10/27 14:13:30 update xcp1_exsale_discount set Bu_Cd="6H",Ka_Cd="6H00",Tnt_Cd="6H000",Htn_Cd="606040",Tku_Cd="606040",Gyk_Cd="42H",Tnk_Cd="Q",Kri_Cd="9MB",HIS_Cd="59RL0",DiscountClassify=NULL,InvoiceUnit="0",InvoiceAmount="0",DiscountUnit="0",DiscountAmount="0",DeliverNet="0",CostPrice="0",FR1_Contents="ïiî‘ï ã@éÌëŒçÙîÔ",FR1_Unit="0",FR1_Amount="0",FR2_Contents=NULL,FR2_Unit="0",FR2_Amount="0",FR3_Contents=NULL,FR3_Unit="0",FR3_Amount="0",ValueDifference="0",GrossMargin="0",GrossMarginRate=NULL,Note="22222",Publisher=NULL,TL=NULL,GM=NULL,PD=NULL,Approval="11111",PrintFlag="0",RouteClassify="2",Ktn_Cd="6H",SendDate
="2007/10/27 14:12:49
" where shipdate="20071006" and invoice="111" and Hbn_Cd="000135N" and Quantity="0" and uid=0
2007/10/27 14:21:14 insert into xcp1_exsale_discount (shipdate,invoice,Bu_Cd,Ka_Cd,Tnt_Cd,Htn_Cd,Tku_Cd,Gyk_Cd,Tnk_Cd,Kri_Cd,HIS_Cd,Hbn_Cd,DiscountClassify,Quantity,InvoiceUnit,InvoiceAmount,DiscountUnit,DiscountAmount,DeliverNet,CostPrice,FR1_Contents,FR1_Unit,FR1_Amount,FR2_Contents,FR2_Unit,FR2_Amount,FR3_Contents,FR3_Unit,FR3_Amount,ValueDifference,GrossMargin,GrossMarginRate,Note,Publisher,TL,GM,PD,Approval,PrintFlag,RouteClassify,Ktn_Cd,SendDate
,uid) values ("20071001","123","6H","6H00","6H000","606040","606040","42H","Q","9MB","59NH0","CN-160G",NULL,"1","0","0","10","10","-10","448","ïiî‘ï ã@éÌëŒçÙîÔ","10","10",NULL,"0","0",NULL,"0","0","0","-448","4480.00","ÇPÇQÇR12",NULL,NULL,NULL,NULL,"123","0","2","6H","2007/10/27 14:20:54
",0)
2007/10/27 14:21:14 insert into xcp1_exsale_discount (shipdate,invoice,Bu_Cd,Ka_Cd,Tnt_Cd,Htn_Cd,Tku_Cd,Gyk_Cd,Tnk_Cd,Kri_Cd,HIS_Cd,Hbn_Cd,DiscountClassify,Quantity,InvoiceUnit,InvoiceAmount,DiscountUnit,DiscountAmount,DeliverNet,CostPrice,FR1_Contents,FR1_Unit,FR1_Amount,FR2_Contents,FR2_Unit,FR2_Amount,FR3_Contents,FR3_Unit,FR3_Amount,ValueDifference,GrossMargin,GrossMarginRate,Note,Publisher,TL,GM,PD,Approval,PrintFlag,RouteClassify,Ktn_Cd,SendDate
,uid) values ("20071006","111","6H","6H00","6H000","606040","606040","42H","Q","9MB","59RL0","000135N",NULL,"0","0","0","0","0","0","0","ïiî‘ï ã@éÌëŒçÙîÔ","0","0",NULL,"0","0",NULL,"0","0","0","0",NULL,"22222",NULL,NULL,NULL,NULL,"11111","0","2","6H","2007/10/27 14:20:54
",0)
2007/10/27 15:07:03 insert into xcp1_exsale_discount (shipdate,invoice,Bu_Cd,Ka_Cd,Tnt_Cd,Htn_Cd,Tku_Cd,Gyk_Cd,Tnk_Cd,Kri_Cd,HIS_Cd,Hbn_Cd,DiscountClassify,Quantity,InvoiceUnit,InvoiceAmount,DiscountUnit,DiscountAmount,DeliverNet,CostPrice,FR1_Contents,FR1_Unit,FR1_Amount,FR2_Contents,FR2_Unit,FR2_Amount,FR3_Contents,FR3_Unit,FR3_Amount,ValueDifference,GrossMargin,GrossMarginRate,Note,Publisher,TL,GM,PD,Approval,PrintFlag,RouteClassify,Ktn_Cd,SendDate
,uid) values ("20071001","123","6H","6H00","6H000","606040","606040","42H","Q","9MB","59NH0","CN-160G",NULL,"1","0","0","10","10","-10","448","ïiî‘ï ã@éÌëŒçÙîÔ","10","10",NULL,"0","0",NULL,"0","0","0","-448","4480.00","ÇPÇQÇR12",NULL,NULL,NULL,NULL,"123","0","2","6H","2007/10/27 15:06:23
",0)
2007/10/27 15:07:03 update xcp1_exsale_discount set Bu_Cd="6H",Ka_Cd="6H00",Tnt_Cd="6H000",Htn_Cd="606040",Tku_Cd="606040",Gyk_Cd="42H",Tnk_Cd="Q",Kri_Cd="9MB",HIS_Cd="59NH0",DiscountClassify=NULL,InvoiceUnit="0",InvoiceAmount="0",DiscountUnit="10",DiscountAmount="10",DeliverNet="-10",CostPrice="448",FR1_Contents="ïiî‘ï ã@éÌëŒçÙîÔ",FR1_Unit="10",FR1_Amount="10",FR2_Contents=NULL,FR2_Unit="0",FR2_Amount="0",FR3_Contents=NULL,FR3_Unit="0",FR3_Amount="0",ValueDifference="0",GrossMargin="-448",GrossMarginRate="4480.00",Note="ÇPÇQÇR12",Publisher=NULL,TL=NULL,GM=NULL,PD=NULL,Approval="123",PrintFlag="0",RouteClassify="2",Ktn_Cd="6H",SendDate
="2007/10/27 15:06:23
" where shipdate="20071001" and invoice="123" and Hbn_Cd="CN-160G" and Quantity="1" and uid=0
2007/10/27 15:07:03 insert into xcp1_exsale_discount (shipdate,invoice,Bu_Cd,Ka_Cd,Tnt_Cd,Htn_Cd,Tku_Cd,Gyk_Cd,Tnk_Cd,Kri_Cd,HIS_Cd,Hbn_Cd,DiscountClassify,Quantity,InvoiceUnit,InvoiceAmount,DiscountUnit,DiscountAmount,DeliverNet,CostPrice,FR1_Contents,FR1_Unit,FR1_Amount,FR2_Contents,FR2_Unit,FR2_Amount,FR3_Contents,FR3_Unit,FR3_Amount,ValueDifference,GrossMargin,GrossMarginRate,Note,Publisher,TL,GM,PD,Approval,PrintFlag,RouteClassify,Ktn_Cd,SendDate
,uid) values ("20071006","111","6H","6H00","6H000","606040","606040","42H","Q","9MB","59RL0","000135N",NULL,"0","0","0","0","0","0","0","ïiî‘ï ã@éÌëŒçÙîÔ","0","0",NULL,"0","0",NULL,"0","0","0","0",NULL,"22222",NULL,NULL,NULL,NULL,"11111","0","2","6H","2007/10/27 15:06:23
",0)
2007/10/27 15:07:03 update xcp1_exsale_discount set Bu_Cd="6H",Ka_Cd="6H00",Tnt_Cd="6H000",Htn_Cd="606040",Tku_Cd="606040",Gyk_Cd="42H",Tnk_Cd="Q",Kri_Cd="9MB",HIS_Cd="59RL0",DiscountClassify=NULL,InvoiceUnit="0",InvoiceAmount="0",DiscountUnit="0",DiscountAmount="0",DeliverNet="0",CostPrice="0",FR1_Contents="ïiî‘ï ã@éÌëŒçÙîÔ",FR1_Unit="0",FR1_Amount="0",FR2_Contents=NULL,FR2_Unit="0",FR2_Amount="0",FR3_Contents=NULL,FR3_Unit="0",FR3_Amount="0",ValueDifference="0",GrossMargin="0",GrossMarginRate=NULL,Note="22222",Publisher=NULL,TL=NULL,GM=NULL,PD=NULL,Approval="11111",PrintFlag="0",RouteClassify="2",Ktn_Cd="6H",SendDate
="2007/10/27 15:06:23
" where shipdate="20071006" and invoice="111" and Hbn_Cd="000135N" and Quantity="0" and uid=0
2007/10/27 15:07:57 insert into xcp1_exsale_discount (shipdate,invoice,Bu_Cd,Ka_Cd,Tnt_Cd,Htn_Cd,Tku_Cd,Gyk_Cd,Tnk_Cd,Kri_Cd,HIS_Cd,Hbn_Cd,DiscountClassify,Quantity,InvoiceUnit,InvoiceAmount,DiscountUnit,DiscountAmount,DeliverNet,CostPrice,FR1_Contents,FR1_Unit,FR1_Amount,FR2_Contents,FR2_Unit,FR2_Amount,FR3_Contents,FR3_Unit,FR3_Amount,ValueDifference,GrossMargin,GrossMarginRate,Note,Publisher,TL,GM,PD,Approval,PrintFlag,RouteClassify,Ktn_Cd,SendDate
,uid) values ("20071001","123","6H","6H00","6H000","606040","606040","42H","Q","9MB","59NH0","CN-160G",NULL,"1","0","0","10","10","-10","448","ïiî‘ï ã@éÌëŒçÙîÔ","10","10",NULL,"0","0",NULL,"0","0","0","-448","4480.00","ÇPÇQÇR12",NULL,NULL,NULL,NULL,"123","0","2","6H","2007/10/27 15:07:44
",0)
2007/10/27 15:07:57 update xcp1_exsale_discount set Bu_Cd="6H",Ka_Cd="6H00",Tnt_Cd="6H000",Htn_Cd="606040",Tku_Cd="606040",Gyk_Cd="42H",Tnk_Cd="Q",Kri_Cd="9MB",HIS_Cd="59NH0",DiscountClassify=NULL,InvoiceUnit="0",InvoiceAmount="0",DiscountUnit="10",DiscountAmount="10",DeliverNet="-10",CostPrice="448",FR1_Contents="ïiî‘ï ã@éÌëŒçÙîÔ",FR1_Unit="10",FR1_Amount="10",FR2_Contents=NULL,FR2_Unit="0",FR2_Amount="0",FR3_Contents=NULL,FR3_Unit="0",FR3_Amount="0",ValueDifference="0",GrossMargin="-448",GrossMarginRate="4480.00",Note="ÇPÇQÇR12",Publisher=NULL,TL=NULL,GM=NULL,PD=NULL,Approval="123",PrintFlag="0",RouteClassify="2",Ktn_Cd="6H",SendDate
="2007/10/27 15:07:44
" where shipdate="20071001" and invoice="123" and Hbn_Cd="CN-160G" and Quantity="1" and uid=0
2007/10/27 15:07:57 insert into xcp1_exsale_discount (shipdate,invoice,Bu_Cd,Ka_Cd,Tnt_Cd,Htn_Cd,Tku_Cd,Gyk_Cd,Tnk_Cd,Kri_Cd,HIS_Cd,Hbn_Cd,DiscountClassify,Quantity,InvoiceUnit,InvoiceAmount,DiscountUnit,DiscountAmount,DeliverNet,CostPrice,FR1_Contents,FR1_Unit,FR1_Amount,FR2_Contents,FR2_Unit,FR2_Amount,FR3_Contents,FR3_Unit,FR3_Amount,ValueDifference,GrossMargin,GrossMarginRate,Note,Publisher,TL,GM,PD,Approval,PrintFlag,RouteClassify,Ktn_Cd,SendDate
,uid) values ("20071006","111","6H","6H00","6H000","606040","606040","42H","Q","9MB","59RL0","000135N",NULL,"0","0","0","0","0","0","0","ïiî‘ï ã@éÌëŒçÙîÔ","0","0",NULL,"0","0",NULL,"0","0","0","0",NULL,"22222",NULL,NULL,NULL,NULL,"11111","0","2","6H","2007/10/27 15:07:44
",0)
2007/10/27 15:07:57 update xcp1_exsale_discount set Bu_Cd="6H",Ka_Cd="6H00",Tnt_Cd="6H000",Htn_Cd="606040",Tku_Cd="606040",Gyk_Cd="42H",Tnk_Cd="Q",Kri_Cd="9MB",HIS_Cd="59RL0",DiscountClassify=NULL,InvoiceUnit="0",InvoiceAmount="0",DiscountUnit="0",DiscountAmount="0",DeliverNet="0",CostPrice="0",FR1_Contents="ïiî‘ï ã@éÌëŒçÙîÔ",FR1_Unit="0",FR1_Amount="0",FR2_Contents=NULL,FR2_Unit="0",FR2_Amount="0",FR3_Contents=NULL,FR3_Unit="0",FR3_Amount="0",ValueDifference="0",GrossMargin="0",GrossMarginRate=NULL,Note="22222",Publisher=NULL,TL=NULL,GM=NULL,PD=NULL,Approval="11111",PrintFlag="0",RouteClassify="2",Ktn_Cd="6H",SendDate
="2007/10/27 15:07:44
" where shipdate="20071006" and invoice="111" and Hbn_Cd="000135N" and Quantity="0" and uid=0
2007/10/27 15:18:33 insert into xcp1_exsale_discount (shipdate,invoice,Bu_Cd,Ka_Cd,Tnt_Cd,Htn_Cd,Tku_Cd,Gyk_Cd,Tnk_Cd,Kri_Cd,HIS_Cd,Hbn_Cd,DiscountClassify,Quantity,InvoiceUnit,InvoiceAmount,DiscountUnit,DiscountAmount,DeliverNet,CostPrice,FR1_Contents,FR1_Unit,FR1_Amount,FR2_Contents,FR2_Unit,FR2_Amount,FR3_Contents,FR3_Unit,FR3_Amount,ValueDifference,GrossMargin,GrossMarginRate,Note,Publisher,TL,GM,PD,Approval,PrintFlag,RouteClassify,Ktn_Cd,SendDate
,uid) values ("20071001","123","6H","6H00","6H000","606040","606040","42H","Q","9MB","59NH0","CN-160G",NULL,"1","0","0","10","10","-10","448","ïiî‘ï ã@éÌëŒçÙîÔ","10","10",NULL,"0","0",NULL,"0","0","0","-448","4480.00","ÇPÇQÇR12",NULL,NULL,NULL,NULL,"123","0","2","6H","2007/10/27 15:18:22
",2)
2007/10/27 15:18:33 insert into xcp1_exsale_discount (shipdate,invoice,Bu_Cd,Ka_Cd,Tnt_Cd,Htn_Cd,Tku_Cd,Gyk_Cd,Tnk_Cd,Kri_Cd,HIS_Cd,Hbn_Cd,DiscountClassify,Quantity,InvoiceUnit,InvoiceAmount,DiscountUnit,DiscountAmount,DeliverNet,CostPrice,FR1_Contents,FR1_Unit,FR1_Amount,FR2_Contents,FR2_Unit,FR2_Amount,FR3_Contents,FR3_Unit,FR3_Amount,ValueDifference,GrossMargin,GrossMarginRate,Note,Publisher,TL,GM,PD,Approval,PrintFlag,RouteClassify,Ktn_Cd,SendDate
,uid) values ("20071006","111","6H","6H00","6H000","606040","606040","42H","Q","9MB","59RL0","000135N",NULL,"0","0","0","0","0","0","0","ïiî‘ï ã@éÌëŒçÙîÔ","0","0",NULL,"0","0",NULL,"0","0","0","0",NULL,"22222",NULL,NULL,NULL,NULL,"11111","0","2","6H","2007/10/27 15:18:22
",2)
2007/10/27 15:20:38 insert into xcp1_exsale_discount (shipdate,invoice,Bu_Cd,Ka_Cd,Tnt_Cd,Htn_Cd,Tku_Cd,Gyk_Cd,Tnk_Cd,Kri_Cd,HIS_Cd,Hbn_Cd,DiscountClassify,Quantity,InvoiceUnit,InvoiceAmount,DiscountUnit,DiscountAmount,DeliverNet,CostPrice,FR1_Contents,FR1_Unit,FR1_Amount,FR2_Contents,FR2_Unit,FR2_Amount,FR3_Contents,FR3_Unit,FR3_Amount,ValueDifference,GrossMargin,GrossMarginRate,Note,Publisher,TL,GM,PD,Approval,PrintFlag,RouteClassify,Ktn_Cd,SendDate
,uid) values ("20071001","123","6H","6H00","6H000","606040","606040","42H","Q","9MB","59NH0","CN-160G",NULL,"1","0","0","10","10","-10","448","ïiî‘ï ã@éÌëŒçÙîÔ","10","10",NULL,"0","0",NULL,"0","0","0","-448","4480.00","ÇPÇQÇR12",NULL,NULL,NULL,NULL,"123","0","2","6H","2007/10/27 15:20:25
",2)
2007/10/27 15:20:38 update xcp1_exsale_discount set Bu_Cd="6H",Ka_Cd="6H00",Tnt_Cd="6H000",Htn_Cd="606040",Tku_Cd="606040",Gyk_Cd="42H",Tnk_Cd="Q",Kri_Cd="9MB",HIS_Cd="59NH0",DiscountClassify=NULL,InvoiceUnit="0",InvoiceAmount="0",DiscountUnit="10",DiscountAmount="10",DeliverNet="-10",CostPrice="448",FR1_Contents="ïiî‘ï ã@éÌëŒçÙîÔ",FR1_Unit="10",FR1_Amount="10",FR2_Contents=NULL,FR2_Unit="0",FR2_Amount="0",FR3_Contents=NULL,FR3_Unit="0",FR3_Amount="0",ValueDifference="0",GrossMargin="-448",GrossMarginRate="4480.00",Note="ÇPÇQÇR12",Publisher=NULL,TL=NULL,GM=NULL,PD=NULL,Approval="123",PrintFlag="0",RouteClassify="2",Ktn_Cd="6H",SendDate
="2007/10/27 15:20:25
" where shipdate="20071001" and invoice="123" and Hbn_Cd="CN-160G" and Quantity="1" and uid=2
2007/10/27 15:20:38 insert into xcp1_exsale_discount (shipdate,invoice,Bu_Cd,Ka_Cd,Tnt_Cd,Htn_Cd,Tku_Cd,Gyk_Cd,Tnk_Cd,Kri_Cd,HIS_Cd,Hbn_Cd,DiscountClassify,Quantity,InvoiceUnit,InvoiceAmount,DiscountUnit,DiscountAmount,DeliverNet,CostPrice,FR1_Contents,FR1_Unit,FR1_Amount,FR2_Contents,FR2_Unit,FR2_Amount,FR3_Contents,FR3_Unit,FR3_Amount,ValueDifference,GrossMargin,GrossMarginRate,Note,Publisher,TL,GM,PD,Approval,PrintFlag,RouteClassify,Ktn_Cd,SendDate
,uid) values ("20071006","111","6H","6H00","6H000","606040","606040","42H","Q","9MB","59RL0","000135N",NULL,"0","0","0","0","0","0","0","ïiî‘ï ã@éÌëŒçÙîÔ","0","0",NULL,"0","0",NULL,"0","0","0","0",NULL,"22222",NULL,NULL,NULL,NULL,"11111","0","2","6H","2007/10/27 15:20:25
",2)
2007/10/27 15:20:38 update xcp1_exsale_discount set Bu_Cd="6H",Ka_Cd="6H00",Tnt_Cd="6H000",Htn_Cd="606040",Tku_Cd="606040",Gyk_Cd="42H",Tnk_Cd="Q",Kri_Cd="9MB",HIS_Cd="59RL0",DiscountClassify=NULL,InvoiceUnit="0",InvoiceAmount="0",DiscountUnit="0",DiscountAmount="0",DeliverNet="0",CostPrice="0",FR1_Contents="ïiî‘ï ã@éÌëŒçÙîÔ",FR1_Unit="0",FR1_Amount="0",FR2_Contents=NULL,FR2_Unit="0",FR2_Amount="0",FR3_Contents=NULL,FR3_Unit="0",FR3_Amount="0",ValueDifference="0",GrossMargin="0",GrossMarginRate=NULL,Note="22222",Publisher=NULL,TL=NULL,GM=NULL,PD=NULL,Approval="11111",PrintFlag="0",RouteClassify="2",Ktn_Cd="6H",SendDate
="2007/10/27 15:20:25
" where shipdate="20071006" and invoice="111" and Hbn_Cd="000135N" and Quantity="0" and uid=2
2007/10/27 16:09:43 insert into xcp1_exsale_discount (shipdate,invoice,Bu_Cd,Ka_Cd,Tnt_Cd,Htn_Cd,Tku_Cd,Gyk_Cd,Tnk_Cd,Kri_Cd,HIS_Cd,Hbn_Cd,DiscountClassify,Quantity,InvoiceUnit,InvoiceAmount,DiscountUnit,DiscountAmount,DeliverNet,CostPrice,FR1_Contents,FR1_Unit,FR1_Amount,FR2_Contents,FR2_Unit,FR2_Amount,FR3_Contents,FR3_Unit,FR3_Amount,ValueDifference,GrossMargin,GrossMarginRate,Note,Publisher,TL,GM,PD,Approval,PrintFlag,RouteClassify,Ktn_Cd,SendDate
,uid) values ("20071001","123","6H","6H00","6H000","606040","606040","42H","Q","9MB","59NH0","CN-160G",NULL,"1","0","0","10","10","-10","448","ïiî‘ï ã@éÌëŒçÙîÔ","10","10",NULL,"0","0",NULL,"0","0","0","-448","4480.00","ÇPÇQÇR12",NULL,NULL,NULL,NULL,"123","0","2","6H","2007/10/27 16:09:26
",2)
2007/10/27 16:09:43 insert into xcp1_exsale_discount (shipdate,invoice,Bu_Cd,Ka_Cd,Tnt_Cd,Htn_Cd,Tku_Cd,Gyk_Cd,Tnk_Cd,Kri_Cd,HIS_Cd,Hbn_Cd,DiscountClassify,Quantity,InvoiceUnit,InvoiceAmount,DiscountUnit,DiscountAmount,DeliverNet,CostPrice,FR1_Contents,FR1_Unit,FR1_Amount,FR2_Contents,FR2_Unit,FR2_Amount,FR3_Contents,FR3_Unit,FR3_Amount,ValueDifference,GrossMargin,GrossMarginRate,Note,Publisher,TL,GM,PD,Approval,PrintFlag,RouteClassify,Ktn_Cd,SendDate
,uid) values ("20071006","111","6H","6H00","6H000","606040","606040","42H","Q","9MB","59RL0","000135N",NULL,"0","0","0","0","0","0","0","ïiî‘ï ã@éÌëŒçÙîÔ","0","0",NULL,"0","0",NULL,"0","0","0","0",NULL,"22222",NULL,NULL,NULL,NULL,"11111","0","2","6H","2007/10/27 16:09:26
",2)
2007/10/27 16:14:27 insert into xcp1_exsale_discount (shipdate,invoice,Bu_Cd,Ka_Cd,Tnt_Cd,Htn_Cd,Tku_Cd,Gyk_Cd,Tnk_Cd,Kri_Cd,HIS_Cd,Hbn_Cd,DiscountClassify,Quantity,InvoiceUnit,InvoiceAmount,DiscountUnit,DiscountAmount,DeliverNet,CostPrice,FR1_Contents,FR1_Unit,FR1_Amount,FR2_Contents,FR2_Unit,FR2_Amount,FR3_Contents,FR3_Unit,FR3_Amount,ValueDifference,GrossMargin,GrossMarginRate,Note,Publisher,TL,GM,PD,Approval,PrintFlag,RouteClassify,Ktn_Cd,SendDate
,uid) values ("20071001","123","6H","6H00","6H000","606040","606040","42H","Q","9MB","59NH0","CN-160G",NULL,"1","0","0","10","10","-10","448","ïiî‘ï ã@éÌëŒçÙîÔ","10","10",NULL,"0","0",NULL,"0","0","0","-448","4480.00","ÇPÇQÇR12",NULL,NULL,NULL,NULL,"123","0","2","6H","2007/10/27 16:14:15
",2)
2007/10/27 16:14:27 insert into xcp1_exsale_discount (shipdate,invoice,Bu_Cd,Ka_Cd,Tnt_Cd,Htn_Cd,Tku_Cd,Gyk_Cd,Tnk_Cd,Kri_Cd,HIS_Cd,Hbn_Cd,DiscountClassify,Quantity,InvoiceUnit,InvoiceAmount,DiscountUnit,DiscountAmount,DeliverNet,CostPrice,FR1_Contents,FR1_Unit,FR1_Amount,FR2_Contents,FR2_Unit,FR2_Amount,FR3_Contents,FR3_Unit,FR3_Amount,ValueDifference,GrossMargin,GrossMarginRate,Note,Publisher,TL,GM,PD,Approval,PrintFlag,RouteClassify,Ktn_Cd,SendDate
,uid) values ("20071006","111","6H","6H00","6H000","606040","606040","42H","Q","9MB","59RL0","000135N",NULL,"0","0","0","0","0","0","0","ïiî‘ï ã@éÌëŒçÙîÔ","0","0",NULL,"0","0",NULL,"0","0","0","0",NULL,"22222",NULL,NULL,NULL,NULL,"11111","0","2","6H","2007/10/27 16:14:15
",2)
2007/10/27 16:16:42 update xcp1_exsale_discount set Bu_Cd="6H",Ka_Cd="6H00",Tnt_Cd="6H000",Htn_Cd="606040",Tku_Cd="606040",Gyk_Cd="42H",Tnk_Cd="Q",Kri_Cd="9MB",HIS_Cd="59NH0",DiscountClassify=NULL,InvoiceUnit="0",InvoiceAmount="0",DiscountUnit="10",DiscountAmount="10",DeliverNet="-10",CostPrice="448",FR1_Contents="ïiî‘ï ã@éÌëŒçÙîÔ",FR1_Unit="10",FR1_Amount="10",FR2_Contents=NULL,FR2_Unit="0",FR2_Amount="0",FR3_Contents=NULL,FR3_Unit="0",FR3_Amount="0",ValueDifference="0",GrossMargin="-448",GrossMarginRate="4480.00",Note="ÇPÇQÇR12",Publisher=NULL,TL=NULL,GM=NULL,PD=NULL,Approval="123",PrintFlag="0",RouteClassify="2",Ktn_Cd="6H",SendDate
="2007/10/27 16:16:29
" where shipdate="20071001" and invoice="123" and Hbn_Cd="CN-160G" and Quantity="1" and uid=2
2007/10/27 16:16:42 update xcp1_exsale_discount set Bu_Cd="6H",Ka_Cd="6H00",Tnt_Cd="6H000",Htn_Cd="606040",Tku_Cd="606040",Gyk_Cd="42H",Tnk_Cd="Q",Kri_Cd="9MB",HIS_Cd="59RL0",DiscountClassify=NULL,InvoiceUnit="0",InvoiceAmount="0",DiscountUnit="0",DiscountAmount="0",DeliverNet="0",CostPrice="0",FR1_Contents="ïiî‘ï ã@éÌëŒçÙîÔ",FR1_Unit="0",FR1_Amount="0",FR2_Contents=NULL,FR2_Unit="0",FR2_Amount="0",FR3_Contents=NULL,FR3_Unit="0",FR3_Amount="0",ValueDifference="0",GrossMargin="0",GrossMarginRate=NULL,Note="22222",Publisher=NULL,TL=NULL,GM=NULL,PD=NULL,Approval="11111",PrintFlag="0",RouteClassify="2",Ktn_Cd="6H",SendDate
="2007/10/27 16:16:29
" where shipdate="20071006" and invoice="111" and Hbn_Cd="000135N" and Quantity="0" and uid=2
2007/10/27 16:19:53 update xcp1_exsale_discount set Bu_Cd="6H",Ka_Cd="6H00",Tnt_Cd="6H000",Htn_Cd="606040",Tku_Cd="606040",Gyk_Cd="42H",Tnk_Cd="Q",Kri_Cd="9MB",HIS_Cd="59NH0",DiscountClassify=NULL,InvoiceUnit="0",InvoiceAmount="0",DiscountUnit="10",DiscountAmount="10",DeliverNet="-10",CostPrice="448",FR1_Contents="ïiî‘ï ã@éÌëŒçÙîÔ",FR1_Unit="10",FR1_Amount="10",FR2_Contents=NULL,FR2_Unit="0",FR2_Amount="0",FR3_Contents=NULL,FR3_Unit="0",FR3_Amount="0",ValueDifference="0",GrossMargin="-448",GrossMarginRate="4480.00",Note="ÇPÇQÇR12",Publisher=NULL,TL=NULL,GM=NULL,PD=NULL,Approval="123",PrintFlag="0",RouteClassify="2",Ktn_Cd="6H",SendDate
="2007/10/27 16:19:41
" where shipdate="20071001" and invoice="123" and Hbn_Cd="CN-160G" and Quantity="1" and uid=2
2007/10/27 16:19:53 update xcp1_exsale_discount set Bu_Cd="6H",Ka_Cd="6H00",Tnt_Cd="6H000",Htn_Cd="606040",Tku_Cd="606040",Gyk_Cd="42H",Tnk_Cd="Q",Kri_Cd="9MB",HIS_Cd="59RL0",DiscountClassify=NULL,InvoiceUnit="0",InvoiceAmount="0",DiscountUnit="0",DiscountAmount="0",DeliverNet="0",CostPrice="0",FR1_Contents="ïiî‘ï ã@éÌëŒçÙîÔ",FR1_Unit="0",FR1_Amount="0",FR2_Contents=NULL,FR2_Unit="0",FR2_Amount="0",FR3_Contents=NULL,FR3_Unit="0",FR3_Amount="0",ValueDifference="0",GrossMargin="0",GrossMarginRate=NULL,Note="22222",Publisher=NULL,TL=NULL,GM=NULL,PD=NULL,Approval="11111",PrintFlag="0",RouteClassify="2",Ktn_Cd="6H",SendDate
="2007/10/27 16:19:41
" where shipdate="20071006" and invoice="111" and Hbn_Cd="000135N" and Quantity="0" and uid=2
2007/10/27 16:23:27 update xcp1_exsale_discount set Bu_Cd="6H",Ka_Cd="6H00",Tnt_Cd="6H000",Htn_Cd="606040",Tku_Cd="606040",Gyk_Cd="42H",Tnk_Cd="Q",Kri_Cd="9MB",HIS_Cd="59NH0",DiscountClassify=NULL,InvoiceUnit="0",InvoiceAmount="0",DiscountUnit="10",DiscountAmount="10",DeliverNet="-10",CostPrice="448",FR1_Contents="ïiî‘ï ã@éÌëŒçÙîÔ",FR1_Unit="10",FR1_Amount="10",FR2_Contents=NULL,FR2_Unit="0",FR2_Amount="0",FR3_Contents=NULL,FR3_Unit="0",FR3_Amount="0",ValueDifference="0",GrossMargin="-448",GrossMarginRate="4480.00",Note="ÇPÇQÇR12",Publisher=NULL,TL=NULL,GM=NULL,PD=NULL,Approval="123",PrintFlag="0",RouteClassify="2",Ktn_Cd="6H",SendDate
="2007/10/27 16:23:05
" where shipdate="20071001" and invoice="123" and Hbn_Cd="CN-160G" and Quantity="1" and uid=2
2007/10/27 16:23:28 update xcp1_exsale_discount set Bu_Cd="6H",Ka_Cd="6H00",Tnt_Cd="6H000",Htn_Cd="606040",Tku_Cd="606040",Gyk_Cd="42H",Tnk_Cd="Q",Kri_Cd="9MB",HIS_Cd="59RL0",DiscountClassify=NULL,InvoiceUnit="0",InvoiceAmount="0",DiscountUnit="0",DiscountAmount="0",DeliverNet="0",CostPrice="0",FR1_Contents="ïiî‘ï ã@éÌëŒçÙîÔ",FR1_Unit="0",FR1_Amount="0",FR2_Contents=NULL,FR2_Unit="0",FR2_Amount="0",FR3_Contents=NULL,FR3_Unit="0",FR3_Amount="0",ValueDifference="0",GrossMargin="0",GrossMarginRate=NULL,Note="22222",Publisher=NULL,TL=NULL,GM=NULL,PD=NULL,Approval="11111",PrintFlag="0",RouteClassify="2",Ktn_Cd="6H",SendDate
="2007/10/27 16:23:05
" where shipdate="20071006" and invoice="111" and Hbn_Cd="000135N" and Quantity="0" and uid=2
2007/10/27 16:34:01 update xcp1_exsale_discount set Bu_Cd="6H",Ka_Cd="6H00",Tnt_Cd="6H000",Htn_Cd="606040",Tku_Cd="606040",Gyk_Cd="42H",Tnk_Cd="Q",Kri_Cd="9MB",HIS_Cd="59NH0",DiscountClassify=NULL,InvoiceUnit="0",InvoiceAmount="0",DiscountUnit="10",DiscountAmount="10",DeliverNet="-10",CostPrice="448",FR1_Contents="ïiî‘ï ã@éÌëŒçÙîÔ",FR1_Unit="10",FR1_Amount="10",FR2_Contents=NULL,FR2_Unit="0",FR2_Amount="0",FR3_Contents=NULL,FR3_Unit="0",FR3_Amount="0",ValueDifference="0",GrossMargin="-448",GrossMarginRate="4480.00",Note="ÇPÇQÇR12",Publisher=NULL,TL=NULL,GM=NULL,PD=NULL,Approval="123",PrintFlag="0",RouteClassify="2",Ktn_Cd="6H",SendDate
="2007/10/27 16:33:49
" where shipdate="20071001" and invoice="123" and Hbn_Cd="CN-160G" and Quantity="1" and uid=2
2007/10/27 16:34:01 update xcp1_exsale_discount set Bu_Cd="6H",Ka_Cd="6H00",Tnt_Cd="6H000",Htn_Cd="606040",Tku_Cd="606040",Gyk_Cd="42H",Tnk_Cd="Q",Kri_Cd="9MB",HIS_Cd="59RL0",DiscountClassify=NULL,InvoiceUnit="0",InvoiceAmount="0",DiscountUnit="0",DiscountAmount="0",DeliverNet="0",CostPrice="0",FR1_Contents="ïiî‘ï ã@éÌëŒçÙîÔ",FR1_Unit="0",FR1_Amount="0",FR2_Contents=NULL,FR2_Unit="0",FR2_Amount="0",FR3_Contents=NULL,FR3_Unit="0",FR3_Amount="0",ValueDifference="0",GrossMargin="0",GrossMarginRate=NULL,Note="22222",Publisher=NULL,TL=NULL,GM=NULL,PD=NULL,Approval="11111",PrintFlag="0",RouteClassify="2",Ktn_Cd="6H",SendDate
="2007/10/27 16:33:49
" where shipdate="20071006" and invoice="111" and Hbn_Cd="000135N" and Quantity="0" and uid=2
2007/10/27 16:41:01 update xcp1_exsale_discount set Bu_Cd="6H",Ka_Cd="6H00",Tnt_Cd="6H000",Htn_Cd="606040",Tku_Cd="606040",Gyk_Cd="42H",Tnk_Cd="Q",Kri_Cd="9MB",HIS_Cd="59NH0",DiscountClassify=NULL,InvoiceUnit="0",InvoiceAmount="0",DiscountUnit="10",DiscountAmount="10",DeliverNet="-10",CostPrice="448",FR1_Contents="ïiî‘ï ã@éÌëŒçÙîÔ",FR1_Unit="10",FR1_Amount="10",FR2_Contents=NULL,FR2_Unit="0",FR2_Amount="0",FR3_Contents=NULL,FR3_Unit="0",FR3_Amount="0",ValueDifference="0",GrossMargin="-448",GrossMarginRate="4480.00",Note="ÇPÇQÇR12",Publisher=NULL,TL=NULL,GM=NULL,PD=NULL,Approval="123",PrintFlag="0",RouteClassify="2",Ktn_Cd="6H",SendDate
="2007/10/27 16:40:52
" where shipdate="20071001" and invoice="123" and Hbn_Cd="CN-160G" and Quantity="1" and uid=2
2007/10/27 16:41:01 update xcp1_exsale_discount set Bu_Cd="6H",Ka_Cd="6H00",Tnt_Cd="6H000",Htn_Cd="606040",Tku_Cd="606040",Gyk_Cd="42H",Tnk_Cd="Q",Kri_Cd="9MB",HIS_Cd="59RL0",DiscountClassify=NULL,InvoiceUnit="0",InvoiceAmount="0",DiscountUnit="0",DiscountAmount="0",DeliverNet="0",CostPrice="0",FR1_Contents="ïiî‘ï ã@éÌëŒçÙîÔ",FR1_Unit="0",FR1_Amount="0",FR2_Contents=NULL,FR2_Unit="0",FR2_Amount="0",FR3_Contents=NULL,FR3_Unit="0",FR3_Amount="0",ValueDifference="0",GrossMargin="0",GrossMarginRate=NULL,Note="22222",Publisher=NULL,TL=NULL,GM=NULL,PD=NULL,Approval="11111",PrintFlag="0",RouteClassify="2",Ktn_Cd="6H",SendDate
="2007/10/27 16:40:52
" where shipdate="20071006" and invoice="111" and Hbn_Cd="000135N" and Quantity="0" and uid=2
2007/10/27 16:45:33 insert into xcp1_exsale_discount (shipdate,invoice,Bu_Cd,Ka_Cd,Tnt_Cd,Htn_Cd,Tku_Cd,Gyk_Cd,Tnk_Cd,Kri_Cd,HIS_Cd,Hbn_Cd,DiscountClassify,Quantity,InvoiceUnit,InvoiceAmount,DiscountUnit,DiscountAmount,DeliverNet,CostPrice,FR1_Contents,FR1_Unit,FR1_Amount,FR2_Contents,FR2_Unit,FR2_Amount,FR3_Contents,FR3_Unit,FR3_Amount,ValueDifference,GrossMargin,GrossMarginRate,Note,Publisher,TL,GM,PD,Approval,PrintFlag,RouteClassify,Ktn_Cd,SendDate
,uid) values ("20071001","123","6H","6H00","6H000","606040","606040","42H","Q","9MB","59NH0","CN-160G",NULL,"1","0","0","10","10","-10","448","ïiî‘ï ã@éÌëŒçÙîÔ","10","10",NULL,"0","0",NULL,"0","0","0","-448","4480.00","ÇPÇQÇR12",NULL,NULL,NULL,NULL,"123","0","2","6H","2007/10/27 16:45:22
",2)
2007/10/27 16:45:33 insert into xcp1_exsale_discount (shipdate,invoice,Bu_Cd,Ka_Cd,Tnt_Cd,Htn_Cd,Tku_Cd,Gyk_Cd,Tnk_Cd,Kri_Cd,HIS_Cd,Hbn_Cd,DiscountClassify,Quantity,InvoiceUnit,InvoiceAmount,DiscountUnit,DiscountAmount,DeliverNet,CostPrice,FR1_Contents,FR1_Unit,FR1_Amount,FR2_Contents,FR2_Unit,FR2_Amount,FR3_Contents,FR3_Unit,FR3_Amount,ValueDifference,GrossMargin,GrossMarginRate,Note,Publisher,TL,GM,PD,Approval,PrintFlag,RouteClassify,Ktn_Cd,SendDate
,uid) values ("20071006","111","6H","6H00","6H000","606040","606040","42H","Q","9MB","59RL0","000135N",NULL,"0","0","0","0","0","0","0","ïiî‘ï ã@éÌëŒçÙîÔ","0","0",NULL,"0","0",NULL,"0","0","0","0",NULL,"22222",NULL,NULL,NULL,NULL,"11111","0","2","6H","2007/10/27 16:45:22
",2)
2007/10/27 16:46:22 update xcp1_exsale_discount set Bu_Cd="6H",Ka_Cd="6H00",Tnt_Cd="6H000",Htn_Cd="606040",Tku_Cd="606040",Gyk_Cd="42H",Tnk_Cd="Q",Kri_Cd="9MB",HIS_Cd="59NH0",DiscountClassify=NULL,InvoiceUnit="0",InvoiceAmount="0",DiscountUnit="10",DiscountAmount="10",DeliverNet="-10",CostPrice="448",FR1_Contents="ïiî‘ï ã@éÌëŒçÙîÔ",FR1_Unit="10",FR1_Amount="10",FR2_Contents=NULL,FR2_Unit="0",FR2_Amount="0",FR3_Contents=NULL,FR3_Unit="0",FR3_Amount="0",ValueDifference="0",GrossMargin="-448",GrossMarginRate="4480.00",Note="ÇPÇQÇR12",Publisher=NULL,TL=NULL,GM=NULL,PD=NULL,Approval="123",PrintFlag="0",RouteClassify="2",Ktn_Cd="6H",SendDate
="2007/10/27 16:46:11
" where shipdate="20071001" and invoice="123" and Hbn_Cd="CN-160G" and Quantity="1" and uid=2
2007/10/27 16:46:22 update xcp1_exsale_discount set Bu_Cd="6H",Ka_Cd="6H00",Tnt_Cd="6H000",Htn_Cd="606040",Tku_Cd="606040",Gyk_Cd="42H",Tnk_Cd="Q",Kri_Cd="9MB",HIS_Cd="59RL0",DiscountClassify=NULL,InvoiceUnit="0",InvoiceAmount="0",DiscountUnit="0",DiscountAmount="0",DeliverNet="0",CostPrice="0",FR1_Contents="ïiî‘ï ã@éÌëŒçÙîÔ",FR1_Unit="0",FR1_Amount="0",FR2_Contents=NULL,FR2_Unit="0",FR2_Amount="0",FR3_Contents=NULL,FR3_Unit="0",FR3_Amount="0",ValueDifference="0",GrossMargin="0",GrossMarginRate=NULL,Note="22222",Publisher=NULL,TL=NULL,GM=NULL,PD=NULL,Approval="11111",PrintFlag="0",RouteClassify="2",Ktn_Cd="6H",SendDate
="2007/10/27 16:46:11
" where shipdate="20071006" and invoice="111" and Hbn_Cd="000135N" and Quantity="0" and uid=2
2007/10/27 16:51:55 insert into xcp1_exsale_discount (shipdate,invoice,Bu_Cd,Ka_Cd,Tnt_Cd,Htn_Cd,Tku_Cd,Gyk_Cd,Tnk_Cd,Kri_Cd,HIS_Cd,Hbn_Cd,DiscountClassify,Quantity,InvoiceUnit,InvoiceAmount,DiscountUnit,DiscountAmount,DeliverNet,CostPrice,FR1_Contents,FR1_Unit,FR1_Amount,FR2_Contents,FR2_Unit,FR2_Amount,FR3_Contents,FR3_Unit,FR3_Amount,ValueDifference,GrossMargin,GrossMarginRate,Note,Publisher,TL,GM,PD,Approval,PrintFlag,RouteClassify,Ktn_Cd,SendDate
,uid) values ("20071001","123","6H","6H00","6H000","606040","606040","42H","Q","9MB","59NH0","CN-160G",NULL,"1","0","0","10","10","-10","448","ïiî‘ï ã@éÌëŒçÙîÔ","10","10",NULL,"0","0",NULL,"0","0","0","-448","4480.00","ÇPÇQÇR12",NULL,NULL,NULL,NULL,"123","0","2","6H","2007/10/27 16:51:36
",2)
2007/10/27 16:51:55 insert into xcp1_exsale_discount (shipdate,invoice,Bu_Cd,Ka_Cd,Tnt_Cd,Htn_Cd,Tku_Cd,Gyk_Cd,Tnk_Cd,Kri_Cd,HIS_Cd,Hbn_Cd,DiscountClassify,Quantity,InvoiceUnit,InvoiceAmount,DiscountUnit,DiscountAmount,DeliverNet,CostPrice,FR1_Contents,FR1_Unit,FR1_Amount,FR2_Contents,FR2_Unit,FR2_Amount,FR3_Contents,FR3_Unit,FR3_Amount,ValueDifference,GrossMargin,GrossMarginRate,Note,Publisher,TL,GM,PD,Approval,PrintFlag,RouteClassify,Ktn_Cd,SendDate
,uid) values ("20071006","111","6H","6H00","6H000","606040","606040","42H","Q","9MB","59RL0","000135N",NULL,"0","0","0","0","0","0","0","ïiî‘ï ã@éÌëŒçÙîÔ","0","0",NULL,"0","0",NULL,"0","0","0","0",NULL,"22222",NULL,NULL,NULL,NULL,"11111","0","2","6H","2007/10/27 16:51:36
",2)
2007/10/27 16:52:51 update xcp1_exsale_discount set Bu_Cd="6H",Ka_Cd="6H00",Tnt_Cd="6H000",Htn_Cd="606040",Tku_Cd="606040",Gyk_Cd="42H",Tnk_Cd="Q",Kri_Cd="9MB",HIS_Cd="59NH0",DiscountClassify=NULL,InvoiceUnit="0",InvoiceAmount="0",DiscountUnit="10",DiscountAmount="10",DeliverNet="-10",CostPrice="448",FR1_Contents="ïiî‘ï ã@éÌëŒçÙîÔ",FR1_Unit="10",FR1_Amount="10",FR2_Contents=NULL,FR2_Unit="0",FR2_Amount="0",FR3_Contents=NULL,FR3_Unit="0",FR3_Amount="0",ValueDifference="0",GrossMargin="-448",GrossMarginRate="4480.00",Note="ÇPÇQÇR12",Publisher=NULL,TL=NULL,GM=NULL,PD=NULL,Approval="123",PrintFlag="0",RouteClassify="2",Ktn_Cd="6H",SendDate
="2007/10/27 16:52:42
" where shipdate="20071001" and invoice="123" and Hbn_Cd="CN-160G" and Quantity="1" and uid=2
2007/10/27 16:52:51 update xcp1_exsale_discount set Bu_Cd="6H",Ka_Cd="6H00",Tnt_Cd="6H000",Htn_Cd="606040",Tku_Cd="606040",Gyk_Cd="42H",Tnk_Cd="Q",Kri_Cd="9MB",HIS_Cd="59RL0",DiscountClassify=NULL,InvoiceUnit="0",InvoiceAmount="0",DiscountUnit="0",DiscountAmount="0",DeliverNet="0",CostPrice="0",FR1_Contents="ïiî‘ï ã@éÌëŒçÙîÔ",FR1_Unit="0",FR1_Amount="0",FR2_Contents=NULL,FR2_Unit="0",FR2_Amount="0",FR3_Contents=NULL,FR3_Unit="0",FR3_Amount="0",ValueDifference="0",GrossMargin="0",GrossMarginRate=NULL,Note="22222",Publisher=NULL,TL=NULL,GM=NULL,PD=NULL,Approval="11111",PrintFlag="0",RouteClassify="2",Ktn_Cd="6H",SendDate
="2007/10/27 16:52:42
" where shipdate="20071006" and invoice="111" and Hbn_Cd="000135N" and Quantity="0" and uid=2
2007/10/30 14:23:00 update xcp1_exsale_event set Bu_CD="01",Ka_CD="0100",Tnt_CD="00000",Approval="123",ApprovalStandard="ñ{ïîåàçŸ",AdjustmentSchedule="20060901",AdjustmentMethod="ílà¯",SalesName="êVêªïiî≠ï\\âÔäJç√",DraftDate="20071004",InputDate="20071001",ExecutionPeriod1="20071010",ExecutionPeriod2="20071015",TargetShop="111",PlanOfPurpose="É\\ÉtÉgÅAáZá[á\\á]ÅAï\\é¶ÅAó\\íËÅAî\\óÕÅAê\\ÇµçûÇ›ÅAè\\ï™ÅAç\\ë¢",PlanOfContent="á@áAáB",TargetProduct1=NULL,TargetProduct2=NULL,TargetProduct3=NULL,TargetProduct4=NULL,TargetProduct5=NULL,SalesPlan1="0",SalesPlan2="0",SalesPlan3="0",SalesPlan4="0",SalesPlan5="0",SalesPlan1CPY="0.00",SalesPlan2CPY="0.00",SalesPlan3CPY="0.00",SalesPlan4CPY="0.00",SalesPlan5CPY="0.00",SalesTarget1="0",SalesTarget2="0",SalesTarget3="0",SalesTarget4="0",SalesTarget5="0",SalesTarget1CPL="0.00",SalesTarget2CPL="0.00",SalesTarget3CPL="0.00",SalesTarget4CPL="0.00",SalesTarget5CPL="0.00",SalesResult1="0",SalesResult2="0",SalesResult3="0",SalesResult4="0",SalesResult5="0",SalesResult1CPL="0.00",SalesResult2CPL="0.00",SalesResult3CPL="0.00",SalesResult4CPL="0.00",SalesResult5CPL="0.00",note1="123",note2="123",note3="123",note4="123",Pln_FrAmount="1000",Pln_Amount="1000",Res_FrAmount="0",Res_Amount="0",Res_AmountTax="0",Pln_TaxSE="0.00",Res_TaxSE="0.00",BossApproval="0",PrintFlag="1",AdjustmentDate=NULL,ResultReport="12",ReviewPoint="12",EffectVerification="12",IssueAndFuture="12",CompleteDate="20060901",RouteClassify="5",Ktn_Cd="01",SendDate
="2007/10/30 14:22:36
" where ApplicationCode="0"
2007/10/30 14:23:00 update xcp1_exsale_eventplan set IncomeMonth="10",Fr_Cd="40B",FR_UnitPrice="1000.00",FR_Quantity="1.00",FR_UnitOfQuantity="0",FR_Amount="1000.00",PayMonth="10",Payee="1",ContentOfPayment="1",Settlement="ílà¯",UnitPrice="1000",Quantity="1.00",UnitOfQuantity="0",Amount="1000",SocialeF="0",RouteClassify="5",Ktn_Cd="01",SendDate
="2007/10/30 14:22:36
" where ApplicationCode="0" and ID="2"
2007/10/30 15:14:09 update xcp1_exsale_event set Bu_CD="01",Ka_CD="0100",Tnt_CD="00000",Approval="123",ApprovalStandard="ñ{ïîåàçŸ",AdjustmentSchedule="20060901",AdjustmentMethod="ílà¯",SalesName="êVêªïiî≠ï\\âÔäJç√",DraftDate="20071004",InputDate="20071001",ExecutionPeriod1="20071010",ExecutionPeriod2="20071015",TargetShop="111",PlanOfPurpose="É\\ÉtÉgÅAáZá[á\\á]ÅAï\\é¶ÅAó\\íËÅAî\\óÕÅAê\\ÇµçûÇ›ÅAè\\ï™ÅAç\\ë¢",PlanOfContent="á@áAáB",TargetProduct1=NULL,TargetProduct2=NULL,TargetProduct3=NULL,TargetProduct4=NULL,TargetProduct5=NULL,SalesPlan1="0",SalesPlan2="0",SalesPlan3="0",SalesPlan4="0",SalesPlan5="0",SalesPlan1CPY="0.00",SalesPlan2CPY="0.00",SalesPlan3CPY="0.00",SalesPlan4CPY="0.00",SalesPlan5CPY="0.00",SalesTarget1="0",SalesTarget2="0",SalesTarget3="0",SalesTarget4="0",SalesTarget5="0",SalesTarget1CPL="0.00",SalesTarget2CPL="0.00",SalesTarget3CPL="0.00",SalesTarget4CPL="0.00",SalesTarget5CPL="0.00",SalesResult1="0",SalesResult2="0",SalesResult3="0",SalesResult4="0",SalesResult5="0",SalesResult1CPL="0.00",SalesResult2CPL="0.00",SalesResult3CPL="0.00",SalesResult4CPL="0.00",SalesResult5CPL="0.00",note1="123",note2="123",note3="123",note4="123",Pln_FrAmount="1000",Pln_Amount="1000",Res_FrAmount="1000",Res_Amount="1000",Res_AmountTax="0",Pln_TaxSE="0.00",Res_TaxSE="0.00",BossApproval="0",PrintFlag="1",AdjustmentDate=NULL,ResultReport="12ÇR",ReviewPoint="12ÇR",EffectVerification="12ÇR",IssueAndFuture="12",CompleteDate="20060901",RouteClassify="5",Ktn_Cd="01",SendDate
="2007/10/30 15:13:53
" where ApplicationCode="0"
2007/10/30 15:14:09 update xcp1_exsale_eventplan set IncomeMonth="10",Fr_Cd="40B",FR_UnitPrice="1000.00",FR_Quantity="1.00",FR_UnitOfQuantity="0",FR_Amount="1000.00",PayMonth="10",Payee="1",ContentOfPayment="1",Settlement="ílà¯",UnitPrice="1000",Quantity="1.00",UnitOfQuantity="0",Amount="1000",SocialeF="0",RouteClassify="5",Ktn_Cd="01",SendDate
="2007/10/30 15:13:53
" where ApplicationCode="0" and ID="2"
2007/10/30 15:14:09 insert into xcp1_exsale_eventresult (ApplicationCode,ID,IncomeMonth,Fr_Cd,FR_UnitPrice,FR_Quantity,FR_UnitOfQuantity,FR_Amount,PayMonth,Payee,ContentOfPayment,Settlement,UnitPrice,Quantity,UnitOfQuantity,Amount,TaxFree,SocialeF,RouteClassify,Ktn_Cd,SendDate
) values ("0","3","10","40B","1000.00","1.00","0","1000.00","10","1","1",NULL,"1000","1.00","0","1000","0","0","5","01","2007/10/30 15:13:53
")
2007/10/30 15:16:02 update xcp1_exsale_eventplan set IncomeMonth="10",Fr_Cd="40B",FR_UnitPrice="1000.00",FR_Quantity="1.00",FR_UnitOfQuantity="0",FR_Amount="1000.00",PayMonth="10",Payee="1",ContentOfPayment="1",Settlement="ílà¯",UnitPrice="1000",Quantity="1.00",UnitOfQuantity="0",Amount="1000",SocialeF="0",RouteClassify="5",Ktn_Cd="01",SendDate
="2007/10/30 15:15:33
" where ApplicationCode="0" and ID="2"
2007/10/30 15:16:02 update xcp1_exsale_eventresult set IncomeMonth="10",Fr_Cd="40B",FR_UnitPrice="1000.00",FR_Quantity="1.00",FR_UnitOfQuantity="0",FR_Amount="1000.00",PayMonth="10",Payee="1",ContentOfPayment="1",Settlement=NULL,UnitPrice="1000",Quantity="1.00",UnitOfQuantity="0",Amount="1000",TaxFree="0",SocialeF="0",RouteClassify="5",Ktn_Cd="01",SendDate
="2007/10/30 15:15:33
" where ApplicationCode="0" and ID="3"
2007/10/30 16:31:50 update xcp1_exsale_event set Bu_CD="01",Ka_CD="0100",Tnt_CD="00000",Approval="123",ApprovalStandard="ñ{ïîåàçŸ",AdjustmentSchedule="20060901",AdjustmentMethod="ílà¯",SalesName="êVêªïiî≠ï\\âÔäJç√",DraftDate="20071004",InputDate="20071001",ExecutionPeriod1="20071010",ExecutionPeriod2="20071015",TargetShop="111",PlanOfPurpose="É\\ÉtÉgÅAáZá[á\\á]ÅAï\\é¶ÅAó\\íËÅAî\\óÕÅAê\\ÇµçûÇ›ÅAè\\ï™ÅAç\\ë¢",PlanOfContent="á@áAáB",TargetProduct1=NULL,TargetProduct2=NULL,TargetProduct3=NULL,TargetProduct4=NULL,TargetProduct5=NULL,SalesPlan1="0",SalesPlan2="0",SalesPlan3="0",SalesPlan4="0",SalesPlan5="0",SalesPlan1CPY="0.00",SalesPlan2CPY="0.00",SalesPlan3CPY="0.00",SalesPlan4CPY="0.00",SalesPlan5CPY="0.00",SalesTarget1="0",SalesTarget2="0",SalesTarget3="0",SalesTarget4="0",SalesTarget5="0",SalesTarget1CPL="0.00",SalesTarget2CPL="0.00",SalesTarget3CPL="0.00",SalesTarget4CPL="0.00",SalesTarget5CPL="0.00",SalesResult1="0",SalesResult2="0",SalesResult3="0",SalesResult4="0",SalesResult5="0",SalesResult1CPL="0.00",SalesResult2CPL="0.00",SalesResult3CPL="0.00",SalesResult4CPL="0.00",SalesResult5CPL="0.00",note1="123",note2="123",note3="123",note4="123",Pln_FrAmount="1000",Pln_Amount="1000",Res_FrAmount="1000",Res_Amount="1000",Res_AmountTax="0",Pln_TaxSE="0.00",Res_TaxSE="0.00",BossApproval="0",PrintFlag="1",AdjustmentDate=NULL,ResultReport="12ÇR",ReviewPoint="12ÇR",EffectVerification="12ÇR",IssueAndFuture="12",CompleteDate="20071030",RouteClassify="5",Ktn_Cd="01",SendDate
="2007/10/30 16:31:30
" where ApplicationCode="0"
2007/10/30 16:31:50 update xcp1_exsale_eventplan set IncomeMonth="10",Fr_Cd="40B",FR_UnitPrice="1000.00",FR_Quantity="1.00",FR_UnitOfQuantity="0",FR_Amount="1000.00",PayMonth="10",Payee="1",ContentOfPayment="1",Settlement="ílà¯",UnitPrice="1000",Quantity="1.00",UnitOfQuantity="0",Amount="1000",SocialeF="0",RouteClassify="5",Ktn_Cd="01",SendDate
="2007/10/30 16:31:30
" where ApplicationCode="0" and ID="2"
2007/10/30 16:31:50 update xcp1_exsale_eventresult set IncomeMonth="10",Fr_Cd="40B",FR_UnitPrice="1000.00",FR_Quantity="1.00",FR_UnitOfQuantity="0",FR_Amount="1000.00",PayMonth="10",Payee="1",ContentOfPayment="1",Settlement=NULL,UnitPrice="1000",Quantity="1.00",UnitOfQuantity="0",Amount="1000",TaxFree="0",SocialeF="0",RouteClassify="5",Ktn_Cd="01",SendDate
="2007/10/30 16:31:30
" where ApplicationCode="0" and ID="3"
2007/10/30 16:39:37 update xcp1_exsale_event set Bu_CD="01",Ka_CD="0100",Tnt_CD="00000",Approval="123",ApprovalStandard="ñ{ïîåàçŸ",AdjustmentSchedule="20060901",AdjustmentMethod="ílà¯",SalesName="êVêªïiî≠ï\\âÔäJç√",DraftDate="20071004",InputDate="20071001",ExecutionPeriod1="20071010",ExecutionPeriod2="20071015",TargetShop="111",PlanOfPurpose="É\\ÉtÉgÅAáZá[á\\á]ÅAï\\é¶ÅAó\\íËÅAî\\óÕÅAê\\ÇµçûÇ›ÅAè\\ï™ÅAç\\ë¢",PlanOfContent="á@áAáB",TargetProduct1=NULL,TargetProduct2=NULL,TargetProduct3=NULL,TargetProduct4=NULL,TargetProduct5=NULL,SalesPlan1="0",SalesPlan2="0",SalesPlan3="0",SalesPlan4="0",SalesPlan5="0",SalesPlan1CPY="0.00",SalesPlan2CPY="0.00",SalesPlan3CPY="0.00",SalesPlan4CPY="0.00",SalesPlan5CPY="0.00",SalesTarget1="0",SalesTarget2="0",SalesTarget3="0",SalesTarget4="0",SalesTarget5="0",SalesTarget1CPL="0.00",SalesTarget2CPL="0.00",SalesTarget3CPL="0.00",SalesTarget4CPL="0.00",SalesTarget5CPL="0.00",SalesResult1="0",SalesResult2="0",SalesResult3="0",SalesResult4="0",SalesResult5="0",SalesResult1CPL="0.00",SalesResult2CPL="0.00",SalesResult3CPL="0.00",SalesResult4CPL="0.00",SalesResult5CPL="0.00",note1="123",note2="123",note3="123",note4="123",Pln_FrAmount="0",Pln_Amount="0",Res_FrAmount="1000",Res_Amount="1000",Res_AmountTax="0",Pln_TaxSE="0.00",Res_TaxSE="0.00",BossApproval="0",PrintFlag="1",AdjustmentDate=NULL,ResultReport="12ÇR",ReviewPoint="12ÇR",EffectVerification="12ÇR",IssueAndFuture="12",CompleteDate="20071030",RouteClassify="5",Ktn_Cd="01",SendDate
="2007/10/30 16:39:24
" where ApplicationCode="0"
2007/10/30 16:39:37 update xcp1_exsale_eventplan set IncomeMonth="10",Fr_Cd="40B",FR_UnitPrice="0.00",FR_Quantity="0.00",FR_UnitOfQuantity="0",FR_Amount="0.00",PayMonth="10",Payee="1",ContentOfPayment="1",Settlement="ílà¯",UnitPrice="0",Quantity="0.00",UnitOfQuantity="0",Amount="0",SocialeF="0",RouteClassify="5",Ktn_Cd="01",SendDate
="2007/10/30 16:39:24
" where ApplicationCode="0" and ID="2"
2007/10/30 16:39:37 update xcp1_exsale_eventresult set IncomeMonth="10",Fr_Cd="40B",FR_UnitPrice="1000.00",FR_Quantity="1.00",FR_UnitOfQuantity="0",FR_Amount="1000.00",PayMonth="10",Payee="1",ContentOfPayment="1",Settlement=NULL,UnitPrice="1000",Quantity="1.00",UnitOfQuantity="0",Amount="1000",TaxFree="0",SocialeF="0",RouteClassify="5",Ktn_Cd="01",SendDate
="2007/10/30 16:39:24
" where ApplicationCode="0" and ID="3"
2007/10/30 16:48:35 update xcp1_exsale_event set Bu_CD="01",Ka_CD="0100",Tnt_CD="00000",Approval="123",ApprovalStandard="ñ{ïîåàçŸ",AdjustmentSchedule="20060901",AdjustmentMethod="ílà¯",SalesName="êVêªïiî≠ï\\âÔäJç√",DraftDate="20071004",InputDate="20071001",ExecutionPeriod1="20071010",ExecutionPeriod2="20071015",TargetShop="111",PlanOfPurpose="É\\ÉtÉgÅAáZá[á\\á]ÅAï\\é¶ÅAó\\íËÅAî\\óÕÅAê\\ÇµçûÇ›ÅAè\\ï™ÅAç\\ë¢",PlanOfContent="á@áAáB",TargetProduct1=NULL,TargetProduct2=NULL,TargetProduct3=NULL,TargetProduct4=NULL,TargetProduct5=NULL,SalesPlan1="0",SalesPlan2="0",SalesPlan3="0",SalesPlan4="0",SalesPlan5="0",SalesPlan1CPY="0.00",SalesPlan2CPY="0.00",SalesPlan3CPY="0.00",SalesPlan4CPY="0.00",SalesPlan5CPY="0.00",SalesTarget1="0",SalesTarget2="0",SalesTarget3="0",SalesTarget4="0",SalesTarget5="0",SalesTarget1CPL="0.00",SalesTarget2CPL="0.00",SalesTarget3CPL="0.00",SalesTarget4CPL="0.00",SalesTarget5CPL="0.00",SalesResult1="0",SalesResult2="0",SalesResult3="0",SalesResult4="0",SalesResult5="0",SalesResult1CPL="0.00",SalesResult2CPL="0.00",SalesResult3CPL="0.00",SalesResult4CPL="0.00",SalesResult5CPL="0.00",note1="123",note2="123",note3="123",note4="123",Pln_FrAmount="0",Pln_Amount="0",Res_FrAmount="1000",Res_Amount="1000",Res_AmountTax="0",Pln_TaxSE="0.00",Res_TaxSE="0.00",BossApproval="0",PrintFlag="1",AdjustmentDate=NULL,ResultReport="12ÇR",ReviewPoint="12ÇR",EffectVerification="12ÇR",IssueAndFuture="12",CompleteDate="20071030",RouteClassify="5",Ktn_Cd="01",SendDate
="2007/10/30 16:48:19
" where ApplicationCode="0"
2007/10/30 16:48:35 update xcp1_exsale_eventplan set IncomeMonth="10",Fr_Cd="40B",FR_UnitPrice="0.00",FR_Quantity="0.00",FR_UnitOfQuantity="0",FR_Amount="0.00",PayMonth="10",Payee="1",ContentOfPayment="1",Settlement="ílà¯",UnitPrice="0",Quantity="0.00",UnitOfQuantity="0",Amount="0",SocialeF="0",RouteClassify="5",Ktn_Cd="01",SendDate
="2007/10/30 16:48:19
" where ApplicationCode="0" and ID="2"
2007/10/30 16:48:35 update xcp1_exsale_eventresult set IncomeMonth="10",Fr_Cd="40B",FR_UnitPrice="0.00",FR_Quantity="0.00",FR_UnitOfQuantity="0",FR_Amount="0.00",PayMonth="10",Payee="1",ContentOfPayment="1",Settlement=NULL,UnitPrice="0",Quantity="0.00",UnitOfQuantity="0",Amount="0",TaxFree="0",SocialeF="0",RouteClassify="5",Ktn_Cd="01",SendDate
="2007/10/30 16:48:19
" where ApplicationCode="0" and ID="3"
2007/10/30 16:50:13 update xcp1_exsale_event set Bu_CD="01",Ka_CD="0100",Tnt_CD="00000",Approval="123",ApprovalStandard="ñ{ïîåàçŸ",AdjustmentSchedule="20060901",AdjustmentMethod="ílà¯",SalesName="êVêªïiî≠ï\\âÔäJç√",DraftDate="20071004",InputDate="20071001",ExecutionPeriod1="20071010",ExecutionPeriod2="20071015",TargetShop="111",PlanOfPurpose="É\\ÉtÉgÅAáZá[á\\á]ÅAï\\é¶ÅAó\\íËÅAî\\óÕÅAê\\ÇµçûÇ›ÅAè\\ï™ÅAç\\ë¢",PlanOfContent="á@áAáB",TargetProduct1=NULL,TargetProduct2=NULL,TargetProduct3=NULL,TargetProduct4=NULL,TargetProduct5=NULL,SalesPlan1="0",SalesPlan2="0",SalesPlan3="0",SalesPlan4="0",SalesPlan5="0",SalesPlan1CPY="0.00",SalesPlan2CPY="0.00",SalesPlan3CPY="0.00",SalesPlan4CPY="0.00",SalesPlan5CPY="0.00",SalesTarget1="0",SalesTarget2="0",SalesTarget3="0",SalesTarget4="0",SalesTarget5="0",SalesTarget1CPL="0.00",SalesTarget2CPL="0.00",SalesTarget3CPL="0.00",SalesTarget4CPL="0.00",SalesTarget5CPL="0.00",SalesResult1="0",SalesResult2="0",SalesResult3="0",SalesResult4="0",SalesResult5="0",SalesResult1CPL="0.00",SalesResult2CPL="0.00",SalesResult3CPL="0.00",SalesResult4CPL="0.00",SalesResult5CPL="0.00",note1="123",note2="123",note3="123",note4="123",Pln_FrAmount="0",Pln_Amount="0",Res_FrAmount="1000",Res_Amount="1000",Res_AmountTax="0",Pln_TaxSE="0.00",Res_TaxSE="0.00",BossApproval="0",PrintFlag="1",AdjustmentDate=NULL,ResultReport="12ÇR",ReviewPoint="12ÇR",EffectVerification="12ÇR",IssueAndFuture="12",CompleteDate="20071030",RouteClassify="5",Ktn_Cd="01",SendDate
="2007/10/30 16:50:00
" where ApplicationCode="0"
2007/10/30 16:50:13 update xcp1_exsale_eventplan set IncomeMonth="10",Fr_Cd="40B",FR_UnitPrice="0.00",FR_Quantity="0.00",FR_UnitOfQuantity="0",FR_Amount="0.00",PayMonth="10",Payee="1",ContentOfPayment="1",Settlement="ílà¯",UnitPrice="0",Quantity="0.00",UnitOfQuantity="0",Amount="0",SocialeF="0",RouteClassify="5",Ktn_Cd="01",SendDate
="2007/10/30 16:50:00
" where ApplicationCode="0" and ID="2"
2007/10/30 16:59:32 update xcp1_exsale_expansion set Bu_Cd="1A",Ka_Cd="1A00",Tnt_Cd="10908",Approval=NULL,ApprovalStandard="ñ{ïîåàçŸ",AdjustmentMethod="ílà¯",ExecutionPeriod1="20071010",ExecutionPeriod2="20071020",Content="Ç†Ç†Ç†",Hbn_Cd="CN-D050D",Requirement="àÍäá",Payee="bluemoon",Unit1="99800",Quantity1="1",Amount1="99800",Unit2="0",Quantity2="0",Amount2="0",Unit3="0",Quantity3="0",Amount3="0",FR1_Contents="ã§í ÅFÇrÇ`îÔ",FR1_Unit="99800.00",FR1_Quantity="1.00",FR1_Amount="99800.00",FR2_Contents=NULL,FR2_Unit="0.00",FR2_Quantity="0.00",FR2_Amount="0.00",FR3_Contents=NULL,FR3_Unit="0.00",FR3_Quantity="0.00",FR3_Amount="0.00",ResultPayee=NULL,BossApproval="0",PrintFlag="0",RouteClassify="1",Ktn_Cd="1A",SendDate
="2007/10/30 16:59:18
" where ApplicationCode="0"
2007/10/31 07:01:02 update xcp1_exsale_expansion set Bu_Cd="1A",Ka_Cd="1A00",Tnt_Cd="10908",Approval=NULL,ApprovalStandard="ñ{ïîåàçŸ",AdjustmentMethod="ílà¯",ExecutionPeriod1="20071010",ExecutionPeriod2="20071020",Content="Ç†Ç†Ç†",Hbn_Cd="CN-D050D",Requirement="àÍäá",Payee="bluemoon",Unit1="99800",Quantity1="1",Amount1="99800",Unit2="0",Quantity2="0",Amount2="0",Unit3="0",Quantity3="0",Amount3="0",FR1_Contents="ã§í ÅFÇrÇ`îÔ",FR1_Unit="99800.00",FR1_Quantity="1.00",FR1_Amount="99800.00",FR2_Contents=NULL,FR2_Unit="0.00",FR2_Quantity="0.00",FR2_Amount="0.00",FR3_Contents=NULL,FR3_Unit="0.00",FR3_Quantity="0.00",FR3_Amount="0.00",ResultPayee=NULL,BossApproval="0",PrintFlag="0",RouteClassify="1",Ktn_Cd="1A",SendDate
="2007/10/31 7:00:44
" where ApplicationCode="0"
2007/10/31 07:11:38 update xcp1_exsale_expansion set Bu_Cd="1A",Ka_Cd="1A00",Tnt_Cd="10908",Approval=NULL,ApprovalStandard="ñ{ïîåàçŸ",AdjustmentMethod="ílà¯",ExecutionPeriod1="20071010",ExecutionPeriod2="20071020",Content="Ç†Ç†Ç†",Hbn_Cd="CN-D050D",Requirement="àÍäá",Payee="bluemoon",Unit1="99800",Quantity1="1",Amount1="99800",Unit2="0",Quantity2="0",Amount2="0",Unit3="0",Quantity3="0",Amount3="0",FR1_Contents="ã§í ÅFÇrÇ`îÔ",FR1_Unit="99800.00",FR1_Quantity="1.00",FR1_Amount="99800.00",FR2_Contents=NULL,FR2_Unit="0.00",FR2_Quantity="0.00",FR2_Amount="0.00",FR3_Contents=NULL,FR3_Unit="0.00",FR3_Quantity="0.00",FR3_Amount="0.00",ResultPayee=NULL,BossApproval="0",PrintFlag="0",RouteClassify="1",Ktn_Cd="1A",SendDate
="2007/10/31 7:11:19
" where ApplicationCode="0"
2007/10/31 07:17:21 update xcp1_exsale_expansion set Bu_Cd="1A",Ka_Cd="1A00",Tnt_Cd="10908",Approval=NULL,ApprovalStandard="ñ{ïîåàçŸ",AdjustmentMethod="ílà¯",ExecutionPeriod1="20071010",ExecutionPeriod2="20071020",Content="Ç†Ç†Ç†",Hbn_Cd="CN-D050D",Requirement="àÍäá",Payee="bluemoon",Unit1="99800",Quantity1="1",Amount1="99800",Unit2="0",Quantity2="0",Amount2="0",Unit3="0",Quantity3="0",Amount3="0",FR1_Contents="ã§í ÅFÇrÇ`îÔ",FR1_Unit="99800.00",FR1_Quantity="1.00",FR1_Amount="99800.00",FR2_Contents=NULL,FR2_Unit="0.00",FR2_Quantity="0.00",FR2_Amount="0.00",FR3_Contents=NULL,FR3_Unit="0.00",FR3_Quantity="0.00",FR3_Amount="0.00",ResultPayee=NULL,BossApproval="0",PrintFlag="0",RouteClassify="1",Ktn_Cd="1A",SendDate
="2007/10/31 7:17:07
" where ApplicationCode="0"
2007/10/31 07:19:09 update xcp1_exsale_discount set Bu_Cd="6H",Ka_Cd="6H00",Tnt_Cd="6H000",Htn_Cd="606040",Tku_Cd="606040",Gyk_Cd="42H",Tnk_Cd="Q",Kri_Cd="9MB",HIS_Cd="59RL0",DiscountClassify=NULL,InvoiceUnit="0",InvoiceAmount="0",DiscountUnit="0",DiscountAmount="0",DeliverNet="0",CostPrice="0",FR1_Contents="ïiî‘ï ã@éÌëŒçÙîÔ",FR1_Unit="0",FR1_Amount="0",FR2_Contents=NULL,FR2_Unit="0",FR2_Amount="0",FR3_Contents=NULL,FR3_Unit="0",FR3_Amount="0",ValueDifference="0",GrossMargin="0",GrossMarginRate=NULL,Note="22222",Publisher=NULL,TL=NULL,GM=NULL,PD=NULL,Approval="11111",PrintFlag="0",RouteClassify="2",Ktn_Cd="6H",SendDate
="2007/10/31 7:18:57
" where shipdate="20071006" and invoice="111" and Hbn_Cd="000135N" and Quantity="0" and uid=2
2007/10/31 07:19:09 update xcp1_exsale_expansion set Bu_Cd="1A",Ka_Cd="1A00",Tnt_Cd="10908",Approval=NULL,ApprovalStandard="ñ{ïîåàçŸ",AdjustmentMethod="ílà¯",ExecutionPeriod1="20071010",ExecutionPeriod2="20071020",Content="Ç†Ç†Ç†",Hbn_Cd="CN-D050D",Requirement="àÍäá",Payee="bluemoon",Unit1="99800",Quantity1="1",Amount1="99800",Unit2="0",Quantity2="0",Amount2="0",Unit3="0",Quantity3="0",Amount3="0",FR1_Contents="ã§í ÅFÇrÇ`îÔ",FR1_Unit="99800.00",FR1_Quantity="1.00",FR1_Amount="99800.00",FR2_Contents=NULL,FR2_Unit="0.00",FR2_Quantity="0.00",FR2_Amount="0.00",FR3_Contents=NULL,FR3_Unit="0.00",FR3_Quantity="0.00",FR3_Amount="0.00",ResultPayee=NULL,BossApproval="0",PrintFlag="0",RouteClassify="1",Ktn_Cd="1A",SendDate
="2007/10/31 7:18:57
" where ApplicationCode="0"
2007/10/31 14:44:17 update xcp1_exsale_expansion set Bu_Cd="1A",Ka_Cd="1A00",Tnt_Cd="10908",Approval=NULL,ApprovalStandard="ñ{ïîåàçŸ",AdjustmentMethod="ílà¯",ExecutionPeriod1="20071010",ExecutionPeriod2="20071020",Content="Ç†Ç†Ç†",Hbn_Cd="CN-D050D",Requirement="àÍäá",Payee="bluemoon",Unit1="99800",Quantity1="1",Amount1="99800",Unit2="0",Quantity2="0",Amount2="0",Unit3="0",Quantity3="0",Amount3="0",FR1_Contents="ã§í ÅFÇrÇ`îÔ",FR1_Unit="99800.00",FR1_Quantity="1.00",FR1_Amount="99800.00",FR2_Contents=NULL,FR2_Unit="0.00",FR2_Quantity="0.00",FR2_Amount="0.00",FR3_Contents=NULL,FR3_Unit="0.00",FR3_Quantity="0.00",FR3_Amount="0.00",ResultPayee=NULL,BossApproval="0",PrintFlag="0",RouteClassify="1",Ktn_Cd="1A",SendDate
="2007/10/31 14:43:16
" where ApplicationCode="0"
2007/10/31 14:44:17 insert into xcp1_exsale_expansion (ApplicationCode,Bu_Cd,Ka_Cd,Tnt_Cd,Approval,ApprovalStandard,AdjustmentMethod,ExecutionPeriod1,ExecutionPeriod2,Content,Hbn_Cd,Requirement,Payee,Unit1,Quantity1,Amount1,Unit2,Quantity2,Amount2,Unit3,Quantity3,Amount3,FR1_Contents,FR1_Unit,FR1_Quantity,FR1_Amount,FR2_Contents,FR2_Unit,FR2_Quantity,FR2_Amount,FR3_Contents,FR3_Unit,FR3_Quantity,FR3_Amount,ResultPayee,BossApproval,PrintFlag,RouteClassify,Ktn_Cd,SendDate
) values ("1234","1A","1A00","10908",NULL,"ñ{ïîåàçŸ","ílà¯","20071010","20071020","qqqq","CN-160G","2222","2222","900","1","900","0","0","0","0","0","0",NULL,"900.00","1.00","900.00",NULL,"0.00","0.00","0.00",NULL,"0.00","0.00","0.00",NULL,"0","0","1","1A","2007/10/31 14:43:16
")
2007/10/31 14:44:17 update xcp1_exsale_event set Bu_CD="01",Ka_CD="0100",Tnt_CD="00000",Approval="123",ApprovalStandard="ñ{ïîåàçŸ",AdjustmentSchedule="20060901",AdjustmentMethod="ílà¯",SalesName="êVêªïiî≠ï\\âÔäJç√",DraftDate="20071004",InputDate="20071001",ExecutionPeriod1="20071010",ExecutionPeriod2="20071015",TargetShop="111",PlanOfPurpose="É\\ÉtÉgÅAáZá[á\\á]ÅAï\\é¶ÅAó\\íËÅAî\\óÕÅAê\\ÇµçûÇ›ÅAè\\ï™ÅAç\\ë¢",PlanOfContent="á@áAáB",TargetProduct1=NULL,TargetProduct2=NULL,TargetProduct3=NULL,TargetProduct4=NULL,TargetProduct5=NULL,SalesPlan1="0",SalesPlan2="0",SalesPlan3="0",SalesPlan4="0",SalesPlan5="0",SalesPlan1CPY="0.00",SalesPlan2CPY="0.00",SalesPlan3CPY="0.00",SalesPlan4CPY="0.00",SalesPlan5CPY="0.00",SalesTarget1="0",SalesTarget2="0",SalesTarget3="0",SalesTarget4="0",SalesTarget5="0",SalesTarget1CPL="0.00",SalesTarget2CPL="0.00",SalesTarget3CPL="0.00",SalesTarget4CPL="0.00",SalesTarget5CPL="0.00",SalesResult1="0",SalesResult2="0",SalesResult3="0",SalesResult4="0",SalesResult5="0",SalesResult1CPL="0.00",SalesResult2CPL="0.00",SalesResult3CPL="0.00",SalesResult4CPL="0.00",SalesResult5CPL="0.00",note1="123",note2="123",note3="123",note4="123",Pln_FrAmount="100",Pln_Amount="100",Res_FrAmount="1000",Res_Amount="1000",Res_AmountTax="0",Pln_TaxSE="0.00",Res_TaxSE="0.00",BossApproval="0",PrintFlag="1",AdjustmentDate=NULL,ResultReport="12ÇR",ReviewPoint="12ÇR",EffectVerification="12ÇR",IssueAndFuture="12",CompleteDate="20071030",RouteClassify="5",Ktn_Cd="01",SendDate
="2007/10/31 14:43:16
" where ApplicationCode="0"
2007/11/03 12:00:15 update xcp1_exsale_expansion set Bu_Cd="1A",Ka_Cd="1A00",Tnt_Cd="10908",Approval=NULL,ApprovalStandard="ñ{ïîåàçŸ",AdjustmentMethod="ílà¯",ExecutionPeriod1="20071010",ExecutionPeriod2="20071020",Content="Ç†Ç†Ç†",Hbn_Cd="CN-D050D",Requirement="àÍäá",Payee="bluemoon",Unit1="0",Quantity1="0",Amount1="0",Unit2="0",Quantity2="0",Amount2="0",Unit3="0",Quantity3="0",Amount3="0",FR1_Contents="ã§í ÅFÇrÇ`îÔ",FR1_Unit="0.00",FR1_Quantity="0.00",FR1_Amount="0.00",FR2_Contents=NULL,FR2_Unit="0.00",FR2_Quantity="0.00",FR2_Amount="0.00",FR3_Contents=NULL,FR3_Unit="0.00",FR3_Quantity="0.00",FR3_Amount="0.00",ResultPayee=NULL,BossApproval="0",PrintFlag="0",RouteClassify="1",Ktn_Cd="1A",SendDate
="2007/11/03 11:59:24
" where ApplicationCode="0"
2007/11/03 12:00:15 update xcp1_exsale_event set Bu_CD="01",Ka_CD="0100",Tnt_CD="00000",Approval="123",ApprovalStandard="é–í∑åàçŸ",AdjustmentSchedule="20060901",AdjustmentMethod="ílà¯",SalesName="êVêªïiî≠ï\\âÔäJç√",DraftDate="20071004",InputDate="20071001",ExecutionPeriod1="20071010",ExecutionPeriod2="20071015",TargetShop="111",PlanOfPurpose="É\\ÉtÉgÅAáZá[á\\á]ÅAï\\é¶ÅAó\\íËÅAî\\óÕÅAê\\ÇµçûÇ›ÅAè\\ï™ÅAç\\ë¢",PlanOfContent="á@áAáB",TargetProduct1=NULL,TargetProduct2=NULL,TargetProduct3=NULL,TargetProduct4=NULL,TargetProduct5=NULL,SalesPlan1="0",SalesPlan2="0",SalesPlan3="0",SalesPlan4="0",SalesPlan5="0",SalesPlan1CPY="0.00",SalesPlan2CPY="0.00",SalesPlan3CPY="0.00",SalesPlan4CPY="0.00",SalesPlan5CPY="0.00",SalesTarget1="0",SalesTarget2="0",SalesTarget3="0",SalesTarget4="0",SalesTarget5="0",SalesTarget1CPL="0.00",SalesTarget2CPL="0.00",SalesTarget3CPL="0.00",SalesTarget4CPL="0.00",SalesTarget5CPL="0.00",SalesResult1="0",SalesResult2="0",SalesResult3="0",SalesResult4="0",SalesResult5="0",SalesResult1CPL="0.00",SalesResult2CPL="0.00",SalesResult3CPL="0.00",SalesResult4CPL="0.00",SalesResult5CPL="0.00",note1="123",note2="123",note3="123",note4="123",Pln_FrAmount="100",Pln_Amount="100",Res_FrAmount="1000",Res_Amount="1000",Res_AmountTax="0",Pln_TaxSE="0.00",Res_TaxSE="0.00",BossApproval="0",PrintFlag="1",AdjustmentDate=NULL,ResultReport="12ÇR",ReviewPoint="12ÇR",EffectVerification="12ÇR",IssueAndFuture="12",CompleteDate="20071030",RouteClassify="5",Ktn_Cd="01",SendDate
="2007/11/03 11:59:24
" where ApplicationCode="0"
